2024-11-04 05:21:01.782 [info] [main] Log level: Info
2024-11-04 05:21:01.782 [info] [main] Validating found git in: "git"
2024-11-04 05:21:01.782 [info] [main] Using git "2.43.0" from "git"
2024-11-04 05:21:01.782 [info] [Model][doInitialScan] Initial repository scan started
2024-11-04 05:21:01.782 [info] > git rev-parse --show-toplevel [420ms]
2024-11-04 05:21:01.782 [info] > git rev-parse --show-toplevel [6ms]
2024-11-04 05:21:01.798 [info] > git rev-parse --show-toplevel [6ms]
2024-11-04 05:21:01.808 [info] [Model][doInitialScan] Initial repository scan completed - repositories (0), closed repositories (0), parent repositories (1), unsafe repositories (0)
2024-11-04 05:29:20.666 [info] > git rev-parse --show-toplevel [9ms]
2024-11-04 05:29:25.198 [info] > git rev-parse --show-toplevel [2ms]
2024-11-04 05:29:25.853 [info] > git rev-parse --show-toplevel [1ms]
2024-11-04 05:29:26.710 [info] > git rev-parse --show-toplevel [7ms]
2024-11-04 05:30:52.936 [info] > git rev-parse --show-toplevel [4ms]
2024-11-04 05:30:55.142 [info] > git rev-parse --show-toplevel [4ms]
2024-11-04 05:31:00.902 [info] > git rev-parse --show-toplevel [4ms]
2024-11-04 05:31:01.568 [info] > git rev-parse --show-toplevel [5ms]
2024-11-04 05:31:03.729 [info] > git rev-parse --show-toplevel [2ms]
2024-11-04 05:31:09.360 [info] > git rev-parse --show-toplevel [3ms]
2024-11-04 05:31:18.346 [info] > git rev-parse --show-toplevel [3ms]
2024-11-04 05:31:26.754 [info] > git rev-parse --show-toplevel [3ms]
2024-11-04 05:33:50.668 [info] > git rev-parse --show-toplevel [8ms]
2024-11-04 05:33:53.349 [info] > git rev-parse --show-toplevel [4ms]
2024-11-04 05:33:56.661 [info] > git rev-parse --show-toplevel [2ms]
2024-11-04 05:33:58.827 [info] > git rev-parse --show-toplevel [24ms]
2024-11-04 05:35:34.849 [info] > git rev-parse --show-toplevel [2ms]
2024-11-04 05:35:40.962 [info] > git rev-parse --show-toplevel [14ms]
2024-11-04 05:35:47.114 [info] > git rev-parse --show-toplevel [2ms]
2024-11-04 05:35:50.734 [info] > git rev-parse --show-toplevel [2ms]
2024-11-04 05:35:56.735 [info] > git rev-parse --show-toplevel [2ms]
2024-11-04 05:36:11.299 [info] > git rev-parse --show-toplevel [5ms]
2024-11-04 05:37:59.423 [info] > git rev-parse --show-toplevel [4ms]
2024-11-04 05:38:09.555 [info] > git rev-parse --show-toplevel [6ms]
2024-11-04 05:38:25.028 [info] > git rev-parse --show-toplevel [8ms]
2024-11-04 05:40:40.808 [info] > git rev-parse --show-toplevel [9ms]
2024-11-04 05:41:01.966 [info] > git rev-parse --show-toplevel [7ms]
2024-11-04 05:41:25.812 [info] > git rev-parse --show-toplevel [13ms]
2024-11-04 05:42:34.607 [info] > git rev-parse --show-toplevel [6ms]
2024-11-04 05:42:35.670 [info] > git rev-parse --show-toplevel [22ms]
2024-11-04 05:44:07.961 [info] > git rev-parse --show-toplevel [7ms]
2024-11-04 05:44:15.342 [info] > git rev-parse --show-toplevel [3ms]
2024-11-04 05:44:17.728 [info] > git rev-parse --show-toplevel [2ms]
2024-11-04 05:44:23.077 [info] > git rev-parse --show-toplevel [18ms]
2024-11-04 05:44:29.334 [info] > git rev-parse --show-toplevel [7ms]
2024-11-04 05:44:33.325 [info] > git rev-parse --show-toplevel [17ms]
2024-11-04 05:45:06.140 [info] > git rev-parse --show-toplevel [3ms]
2024-11-04 05:51:13.847 [info] > git rev-parse --show-toplevel [4ms]
2024-11-04 05:51:34.302 [info] > git rev-parse --show-toplevel [2ms]
2024-11-04 05:51:46.203 [info] > git rev-parse --show-toplevel [5ms]
2024-11-04 05:51:52.457 [info] > git rev-parse --show-toplevel [2ms]
2024-11-04 05:52:00.856 [info] > git rev-parse --show-toplevel [6ms]
2024-11-04 05:52:11.055 [info] > git rev-parse --show-toplevel [7ms]
2024-11-04 05:52:12.265 [info] > git rev-parse --show-toplevel [5ms]
2024-11-04 05:52:14.457 [info] > git rev-parse --show-toplevel [2ms]
2024-11-04 05:52:20.122 [info] > git rev-parse --show-toplevel [2ms]
2024-11-04 05:52:38.651 [info] > git rev-parse --show-toplevel [2ms]
2024-11-04 05:52:48.835 [info] > git rev-parse --show-toplevel [2ms]
2024-11-04 05:53:35.590 [info] > git rev-parse --show-toplevel [4ms]
2024-11-04 06:05:54.510 [info] > git rev-parse --show-toplevel [28ms]
2024-11-04 06:06:18.037 [info] > git rev-parse --show-toplevel [13ms]
2024-11-04 06:06:18.949 [info] > git rev-parse --show-toplevel [2ms]
2024-11-04 06:06:20.303 [info] > git rev-parse --show-toplevel [2ms]
2024-11-04 06:10:42.780 [info] > git rev-parse --show-toplevel [19ms]
2024-11-04 06:10:44.251 [info] > git rev-parse --show-toplevel [24ms]
2024-11-04 06:19:53.168 [info] > git rev-parse --show-toplevel [11ms]
2024-11-04 06:19:55.466 [info] > git rev-parse --show-toplevel [4ms]
2024-11-04 06:19:57.517 [info] > git rev-parse --show-toplevel [5ms]
2024-11-04 06:19:59.363 [info] > git rev-parse --show-toplevel [11ms]
2024-11-04 06:20:04.599 [info] > git rev-parse --show-toplevel [5ms]
2024-11-04 06:20:07.135 [info] > git rev-parse --show-toplevel [3ms]
2024-11-04 06:20:08.526 [info] > git rev-parse --show-toplevel [5ms]
2024-11-04 06:20:09.143 [info] > git rev-parse --show-toplevel [3ms]
2024-11-04 06:26:27.598 [info] > git rev-parse --show-toplevel [36ms]
2024-11-04 06:26:56.428 [info] > git rev-parse --show-toplevel [20ms]
2024-11-04 06:33:47.621 [info] > git rev-parse --show-toplevel [16ms]
2024-11-04 06:41:46.185 [info] > git rev-parse --show-toplevel [28ms]
2024-11-04 06:41:47.280 [info] > git rev-parse --show-toplevel [6ms]
2024-11-04 06:41:48.226 [info] > git rev-parse --show-toplevel [6ms]
2024-11-04 06:42:03.588 [info] > git rev-parse --show-toplevel [38ms]
2024-11-04 06:45:18.097 [info] > git rev-parse --show-toplevel [17ms]
2024-11-04 07:00:12.682 [info] > git rev-parse --show-toplevel [19ms]
2024-11-04 07:06:03.153 [info] > git rev-parse --show-toplevel [14ms]
2024-11-04 07:08:44.275 [info] > git rev-parse --show-toplevel [5ms]
