2024-11-03 06:26:14.547 [info] [main] Log level: Info
2024-11-03 06:26:14.547 [info] [main] Validating found git in: "git"
2024-11-03 06:26:14.547 [info] [main] Using git "2.43.0" from "git"
2024-11-03 06:26:14.547 [info] [Model][doInitialScan] Initial repository scan started
2024-11-03 06:26:14.547 [info] > git rev-parse --show-toplevel [90ms]
2024-11-03 06:26:14.549 [info] > git rev-parse --git-dir --git-common-dir [12ms]
2024-11-03 06:26:14.611 [info] [Model][openRepository] Opened repository: /home/naasir
2024-11-03 06:26:14.902 [info] > git rev-parse --show-toplevel [191ms]
2024-11-03 06:26:14.905 [info] > git config --get commit.template [214ms]
2024-11-03 06:26:14.981 [info] > git rev-parse --git-dir --git-common-dir [15ms]
2024-11-03 06:26:14.989 [info] [Model][openRepository] Opened repository: /home/naasir/naasir-cfi
2024-11-03 06:26:15.049 [info] > git config --get commit.template [12ms]
2024-11-03 06:26:15.049 [info] > git for-each-ref --format=%(refname)%00%(upstream:short)%00%(objectname)%00%(upstream:track)%00%(upstream:remotename)%00%(upstream:remoteref) refs/heads/master refs/remotes/master [39ms]
2024-11-03 06:26:15.102 [info] > git for-each-ref --format=%(refname)%00%(upstream:short)%00%(objectname)%00%(upstream:track)%00%(upstream:remotename)%00%(upstream:remoteref) refs/heads/master refs/remotes/master [10ms]
2024-11-03 06:26:15.129 [info] > git status -z -uall [18ms]
2024-11-03 06:26:15.135 [info] > git for-each-ref --sort -committerdate --format %(refname) %(objectname) %(*objectname) [58ms]
2024-11-03 06:26:15.148 [info] > git for-each-ref --sort -committerdate --format %(refname) %(objectname) %(*objectname) [22ms]
2024-11-03 06:26:15.224 [info] > git for-each-ref --format=%(refname)%00%(upstream:short)%00%(objectname)%00%(upstream:track)%00%(upstream:remotename)%00%(upstream:remoteref) refs/heads/master refs/remotes/master [31ms]
2024-11-03 06:26:15.232 [info] > git config --get commit.template [9ms]
2024-11-03 06:26:15.233 [info] > git config --local branch.master.vscode-merge-base [3ms]
2024-11-03 06:26:15.327 [info] > git for-each-ref --format=%(refname)%00%(upstream:short)%00%(objectname)%00%(upstream:track)%00%(upstream:remotename)%00%(upstream:remoteref) refs/heads/origin/master refs/remotes/origin/master [64ms]
2024-11-03 06:26:15.356 [info] > git merge-base refs/heads/master refs/remotes/origin/master [10ms]
2024-11-03 06:26:15.364 [info] > git for-each-ref --format=%(refname)%00%(upstream:short)%00%(objectname)%00%(upstream:track)%00%(upstream:remotename)%00%(upstream:remoteref) refs/heads/master refs/remotes/master [45ms]
2024-11-03 06:26:15.366 [info] > git diff --name-status -z --diff-filter=ADMR cb677cbaa4af789d91cc9f32d5c4f4162d2c0241...refs/remotes/origin/master [3ms]
2024-11-03 06:26:15.398 [info] > git status -z -uall [8ms]
2024-11-03 06:26:15.400 [info] > git for-each-ref --sort -committerdate --format %(refname) %(objectname) %(*objectname) [4ms]
2024-11-03 06:26:15.462 [info] > git rev-parse --show-toplevel [1ms]
2024-11-03 06:26:15.467 [info] > git rev-parse --show-toplevel [2ms]
2024-11-03 06:26:15.481 [info] > git rev-parse --show-toplevel [2ms]
2024-11-03 06:26:15.492 [info] > git rev-parse --show-toplevel [4ms]
2024-11-03 06:26:15.522 [info] > git rev-parse --show-toplevel [12ms]
2024-11-03 06:26:15.532 [info] > git rev-parse --show-toplevel [3ms]
2024-11-03 06:26:15.580 [info] > git check-ignore -v -z --stdin [14ms]
2024-11-03 06:26:15.587 [info] > git check-ignore -v -z --stdin [9ms]
2024-11-03 06:26:15.588 [info] > git rev-parse --show-toplevel [49ms]
2024-11-03 06:26:15.609 [info] > git rev-parse --git-dir --git-common-dir [4ms]
2024-11-03 06:26:15.618 [info] [Model][openRepository] Opened repository: /home/naasir/.nvm
2024-11-03 06:26:15.762 [info] > git rev-parse --show-toplevel [103ms]
2024-11-03 06:26:15.774 [info] > git config --get commit.template [136ms]
2024-11-03 06:26:15.822 [info] > git rev-parse --show-toplevel [32ms]
2024-11-03 06:26:15.844 [info] > git rev-parse --show-toplevel [4ms]
2024-11-03 06:26:15.845 [info] > git for-each-ref --format %(refname) %(objectname) %(*objectname) refs/tags [45ms]
2024-11-03 06:26:15.894 [info] > git rev-parse --git-dir --git-common-dir [14ms]
2024-11-03 06:26:15.900 [info] [Model][openRepository] Opened repository: /home/naasir/CFI-C24-Classwork
2024-11-03 06:26:15.902 [info] > git for-each-ref --sort -committerdate --format %(refname) %(objectname) %(*objectname) [33ms]
2024-11-03 06:26:15.917 [info] > git config --get commit.template [5ms]
2024-11-03 06:26:15.974 [info] > git rev-parse --show-toplevel [59ms]
2024-11-03 06:26:16.014 [info] > git status -z -uall [165ms]
2024-11-03 06:26:16.096 [info] > git rev-parse --git-dir --git-common-dir [83ms]
2024-11-03 06:26:16.100 [info] [Model][openRepository] Opened repository: /home/naasir/Naasir-LAB1
2024-11-03 06:26:16.101 [info] > git for-each-ref --format=%(refname)%00%(upstream:short)%00%(objectname)%00%(upstream:track)%00%(upstream:remotename)%00%(upstream:remoteref) refs/heads/main refs/remotes/main [117ms]
2024-11-03 06:26:16.113 [info] > git config --get commit.template [81ms]
2024-11-03 06:26:16.115 [info] > git rev-parse --show-toplevel [4ms]
2024-11-03 06:26:16.115 [info] > git config --get commit.template [9ms]
2024-11-03 06:26:16.138 [info] > git status -z -uall [8ms]
2024-11-03 06:26:16.138 [info] > git rev-parse --show-toplevel [14ms]
2024-11-03 06:26:16.139 [info] > git for-each-ref --format %(refname) %(objectname) %(*objectname) refs/tags [20ms]
2024-11-03 06:26:16.153 [info] > git for-each-ref --sort -committerdate --format %(refname) %(objectname) %(*objectname) [18ms]
2024-11-03 06:26:16.163 [info] > git for-each-ref --format=%(refname)%00%(upstream:short)%00%(objectname)%00%(upstream:track)%00%(upstream:remotename)%00%(upstream:remoteref) refs/heads/main refs/remotes/main [35ms]
2024-11-03 06:26:16.176 [info] > git status -z -uall [33ms]
2024-11-03 06:26:16.176 [info] > git for-each-ref --format=%(refname)%00%(upstream:short)%00%(objectname)%00%(upstream:track)%00%(upstream:remotename)%00%(upstream:remoteref) refs/heads/main refs/remotes/main [16ms]
2024-11-03 06:26:16.181 [info] > git rev-parse --git-dir --git-common-dir [32ms]
2024-11-03 06:26:16.184 [info] [Model][openRepository] Opened repository: /home/naasir/coding
2024-11-03 06:26:16.185 [info] > git for-each-ref --sort -committerdate --format %(refname) %(objectname) %(*objectname) [40ms]
2024-11-03 06:26:16.196 [info] > git config --local branch.main.vscode-merge-base [16ms]
2024-11-03 06:26:16.201 [info] > git config --get commit.template [34ms]
2024-11-03 06:26:16.207 [info] > git for-each-ref --format=%(refname)%00%(upstream:short)%00%(objectname)%00%(upstream:track)%00%(upstream:remotename)%00%(upstream:remoteref) refs/heads/origin/main refs/remotes/origin/main [5ms]
2024-11-03 06:26:16.211 [info] > git rev-parse --show-toplevel [16ms]
2024-11-03 06:26:16.211 [info] > git config --get commit.template [19ms]
2024-11-03 06:26:16.231 [info] > git status -z -uall [10ms]
2024-11-03 06:26:16.231 [info] > git merge-base refs/heads/main refs/remotes/origin/main [21ms]
2024-11-03 06:26:16.251 [info] > git diff --name-status -z --diff-filter=ADMR 7cca8c00aa23a2cdd78407625d551ed8229e7874...refs/remotes/origin/main [17ms]
2024-11-03 06:26:16.252 [info] > git rev-parse --show-toplevel [21ms]
2024-11-03 06:26:16.252 [info] > git for-each-ref --sort -committerdate --format %(refname) %(objectname) %(*objectname) [26ms]
2024-11-03 06:26:16.265 [info] > git for-each-ref --format=%(refname)%00%(upstream:short)%00%(objectname)%00%(upstream:track)%00%(upstream:remotename)%00%(upstream:remoteref) refs/heads/main refs/remotes/main [49ms]
2024-11-03 06:26:16.274 [info] > git for-each-ref --format=%(refname)%00%(upstream:short)%00%(objectname)%00%(upstream:track)%00%(upstream:remotename)%00%(upstream:remoteref) refs/heads/main refs/remotes/main [12ms]
2024-11-03 06:26:16.279 [info] > git for-each-ref --format=%(refname)%00%(upstream:short)%00%(objectname)%00%(upstream:track)%00%(upstream:remotename)%00%(upstream:remoteref) refs/heads/master refs/remotes/master [33ms]
2024-11-03 06:26:16.288 [info] > git status -z -uall [6ms]
2024-11-03 06:26:16.289 [info] > git config --local branch.main.vscode-merge-base [11ms]
2024-11-03 06:26:16.293 [info] > git config --get commit.template [20ms]
2024-11-03 06:26:16.293 [info] > git rev-parse --show-toplevel [25ms]
2024-11-03 06:26:16.300 [info] > git for-each-ref --format=%(refname)%00%(upstream:short)%00%(objectname)%00%(upstream:track)%00%(upstream:remotename)%00%(upstream:remoteref) refs/heads/origin/main refs/remotes/origin/main [7ms]
2024-11-03 06:26:16.310 [info] > git for-each-ref --sort -committerdate --format %(refname) %(objectname) %(*objectname) [25ms]
2024-11-03 06:26:16.331 [info] > git status -z -uall [8ms]
2024-11-03 06:26:16.331 [info] > git for-each-ref --format=%(refname)%00%(upstream:short)%00%(objectname)%00%(upstream:track)%00%(upstream:remotename)%00%(upstream:remoteref) refs/heads/master refs/remotes/master [18ms]
2024-11-03 06:26:16.335 [info] > git merge-base refs/heads/main refs/remotes/origin/main [26ms]
2024-11-03 06:26:16.340 [info] > git rev-parse --git-dir --git-common-dir [41ms]
2024-11-03 06:26:16.345 [info] [Model][openRepository] Opened repository: /home/naasir/firstRepo
2024-11-03 06:26:16.355 [info] > git diff --name-status -z --diff-filter=ADMR ca29c11f8c5dbe12504ca49cbfab9bcff8c6df7a...refs/remotes/origin/main [15ms]
2024-11-03 06:26:16.356 [info] > git config --local branch.master.vscode-merge-base [21ms]
2024-11-03 06:26:16.356 [warning] [Git][config] git config failed: Failed to execute git
2024-11-03 06:26:16.359 [info] > git config --get commit.template [29ms]
2024-11-03 06:26:16.359 [info] > git for-each-ref --sort -committerdate --format %(refname) %(objectname) %(*objectname) [32ms]
2024-11-03 06:26:16.363 [info] > git for-each-ref --format=%(refname)%00%(upstream:short)%00%(objectname)%00%(upstream:track)%00%(upstream:remotename)%00%(upstream:remoteref) refs/heads/main refs/remotes/main [44ms]
2024-11-03 06:26:16.366 [info] > git reflog master --grep-reflog=branch: Created from *. [7ms]
2024-11-03 06:26:16.369 [info] > git rev-parse --show-toplevel [16ms]
2024-11-03 06:26:16.370 [info] > git config --get commit.template [21ms]
2024-11-03 06:26:16.384 [info] > git for-each-ref --format=%(refname)%00%(upstream:short)%00%(objectname)%00%(upstream:track)%00%(upstream:remotename)%00%(upstream:remoteref) refs/heads/master refs/remotes/master [10ms]
2024-11-03 06:26:16.396 [info] > git symbolic-ref --short refs/remotes/origin/HEAD [26ms]
2024-11-03 06:26:16.396 [info] fatal: ref refs/remotes/origin/HEAD is not a symbolic ref
2024-11-03 06:26:16.396 [warning] [Repository][getDefaultBranch] Failed to get default branch details: Failed to execute git.
2024-11-03 06:26:16.410 [info] > git status -z -uall [21ms]
2024-11-03 06:26:16.410 [info] > git status -z -uall [10ms]
2024-11-03 06:26:16.410 [info] > git for-each-ref --sort -committerdate --format %(refname) %(objectname) %(*objectname) [15ms]
2024-11-03 06:26:16.412 [info] > git for-each-ref --format=%(refname)%00%(upstream:short)%00%(objectname)%00%(upstream:track)%00%(upstream:remotename)%00%(upstream:remoteref) refs/heads/main refs/remotes/main [29ms]
2024-11-03 06:26:16.413 [info] > git rev-parse --git-dir --git-common-dir [34ms]
2024-11-03 06:26:16.429 [info] [Model][openRepository] Opened repository: /home/naasir/javascript-practice
2024-11-03 06:26:16.446 [info] > git for-each-ref --sort -committerdate --format %(refname) %(objectname) %(*objectname) [41ms]
2024-11-03 06:26:16.453 [info] > git rev-parse --show-toplevel [11ms]
2024-11-03 06:26:16.462 [info] > git config --get commit.template [27ms]
2024-11-03 06:26:16.488 [info] > git status -z -uall [13ms]
2024-11-03 06:26:16.489 [info] > git for-each-ref --sort -committerdate --format %(refname) %(objectname) %(*objectname) [8ms]
2024-11-03 06:26:16.509 [info] > git rev-parse --git-dir --git-common-dir [40ms]
2024-11-03 06:26:16.515 [info] [Model][openRepository] Opened repository: /home/naasir/learn-github
2024-11-03 06:26:16.533 [info] > git for-each-ref --format=%(refname)%00%(upstream:short)%00%(objectname)%00%(upstream:track)%00%(upstream:remotename)%00%(upstream:remoteref) refs/heads/main refs/remotes/main [27ms]
2024-11-03 06:26:16.538 [info] > git for-each-ref --format=%(refname)%00%(upstream:short)%00%(objectname)%00%(upstream:track)%00%(upstream:remotename)%00%(upstream:remoteref) refs/heads/main refs/remotes/main [55ms]
2024-11-03 06:26:16.546 [info] > git config --local branch.main.vscode-merge-base [8ms]
2024-11-03 06:26:16.552 [info] > git rev-parse --show-toplevel [20ms]
2024-11-03 06:26:16.553 [info] > git config --get commit.template [23ms]
2024-11-03 06:26:16.553 [info] > git config --get commit.template [29ms]
2024-11-03 06:26:16.560 [info] > git for-each-ref --format=%(refname)%00%(upstream:short)%00%(objectname)%00%(upstream:track)%00%(upstream:remotename)%00%(upstream:remoteref) refs/heads/origin/main refs/remotes/origin/main [9ms]
2024-11-03 06:26:16.572 [info] > git rev-parse --show-toplevel [12ms]
2024-11-03 06:26:16.582 [info] > git status -z -uall [7ms]
2024-11-03 06:26:16.583 [info] > git for-each-ref --format=%(refname)%00%(upstream:short)%00%(objectname)%00%(upstream:track)%00%(upstream:remotename)%00%(upstream:remoteref) refs/heads/main refs/remotes/main [15ms]
2024-11-03 06:26:16.583 [info] > git merge-base refs/heads/main refs/remotes/origin/main [20ms]
2024-11-03 06:26:16.608 [info] > git diff --name-status -z --diff-filter=ADMR 67774365168239023d26a8efd72e76da0e20da2e...refs/remotes/origin/main [22ms]
2024-11-03 06:26:16.608 [info] > git rev-parse --show-toplevel [26ms]
2024-11-03 06:26:16.609 [info] > git for-each-ref --sort -committerdate --format %(refname) %(objectname) %(*objectname) [30ms]
2024-11-03 06:26:16.617 [info] > git for-each-ref --format=%(refname)%00%(upstream:short)%00%(objectname)%00%(upstream:track)%00%(upstream:remotename)%00%(upstream:remoteref) refs/heads/main refs/remotes/main [46ms]
2024-11-03 06:26:16.627 [info] > git for-each-ref --format=%(refname)%00%(upstream:short)%00%(objectname)%00%(upstream:track)%00%(upstream:remotename)%00%(upstream:remoteref) refs/heads/main refs/remotes/main [13ms]
2024-11-03 06:26:16.632 [info] > git config --get commit.template [7ms]
2024-11-03 06:26:16.633 [info] > git rev-parse --show-toplevel [12ms]
2024-11-03 06:26:16.642 [info] > git config --local branch.main.vscode-merge-base [11ms]
2024-11-03 06:26:16.646 [info] > git status -z -uall [10ms]
2024-11-03 06:26:16.665 [info] > git status -z -uall [6ms]
2024-11-03 06:26:16.665 [info] > git for-each-ref --format=%(refname)%00%(upstream:short)%00%(objectname)%00%(upstream:track)%00%(upstream:remotename)%00%(upstream:remoteref) refs/heads/origin/main refs/remotes/origin/main [19ms]
2024-11-03 06:26:16.669 [info] > git for-each-ref --sort -committerdate --format %(refname) %(objectname) %(*objectname) [29ms]
2024-11-03 06:26:16.674 [info] > git merge-base refs/heads/main refs/remotes/origin/main [6ms]
2024-11-03 06:26:16.678 [info] > git for-each-ref --sort -committerdate --format %(refname) %(objectname) %(*objectname) [16ms]
2024-11-03 06:26:16.687 [info] > git for-each-ref --format=%(refname)%00%(upstream:short)%00%(objectname)%00%(upstream:track)%00%(upstream:remotename)%00%(upstream:remoteref) refs/heads/main refs/remotes/main [32ms]
2024-11-03 06:26:16.688 [info] > git rev-parse --git-dir --git-common-dir [36ms]
2024-11-03 06:26:16.692 [info] [Model][openRepository] Opened repository: /home/naasir/public-repo
2024-11-03 06:26:16.706 [info] > git for-each-ref --format=%(refname)%00%(upstream:short)%00%(objectname)%00%(upstream:track)%00%(upstream:remotename)%00%(upstream:remoteref) refs/heads/main refs/remotes/main [20ms]
2024-11-03 06:26:16.709 [info] > git diff --name-status -z --diff-filter=ADMR 6c230b7bce8c9612c0fc1327dfab98d0c9e6ce92...refs/remotes/origin/main [31ms]
2024-11-03 06:26:16.713 [info] > git status -z -uall [1646ms]
2024-11-03 06:26:16.715 [info] > git config --local branch.main.vscode-merge-base [6ms]
2024-11-03 06:26:16.725 [info] > git rev-parse --show-toplevel [22ms]
2024-11-03 06:26:16.725 [info] > git config --get commit.template [25ms]
2024-11-03 06:26:16.725 [info] > git config --get commit.template [29ms]
2024-11-03 06:26:16.755 [info] > git for-each-ref --format=%(refname)%00%(upstream:short)%00%(objectname)%00%(upstream:track)%00%(upstream:remotename)%00%(upstream:remoteref) refs/heads/origin/main refs/remotes/origin/main [31ms]
2024-11-03 06:26:16.914 [info] > git status -z -uall [26ms]
2024-11-03 06:26:16.914 [info] > git for-each-ref --format=%(refname)%00%(upstream:short)%00%(objectname)%00%(upstream:track)%00%(upstream:remotename)%00%(upstream:remoteref) refs/heads/master refs/remotes/master [38ms]
2024-11-03 06:26:16.917 [info] > git merge-base refs/heads/main refs/remotes/origin/main [159ms]
2024-11-03 06:26:16.920 [info] > git rev-parse --show-toplevel [184ms]
2024-11-03 06:26:17.640 [info] > git diff --name-status -z --diff-filter=ADMR d4429a06ac7d3a49f72bc7a84de349cb50ae705c...refs/remotes/origin/main [721ms]
2024-11-03 06:26:17.641 [info] > git config --local branch.master.vscode-merge-base [724ms]
2024-11-03 06:26:17.642 [warning] [Git][config] git config failed: Failed to execute git
2024-11-03 06:26:17.663 [info] > git config --get commit.template [743ms]
2024-11-03 06:26:17.664 [info] > git for-each-ref --format=%(refname)%00%(upstream:short)%00%(objectname)%00%(upstream:track)%00%(upstream:remotename)%00%(upstream:remoteref) refs/heads/main refs/remotes/main [756ms]
2024-11-03 06:26:17.664 [info] > git for-each-ref --sort -committerdate --format %(refname) %(objectname) %(*objectname) [761ms]
2024-11-03 06:26:17.668 [info] > git for-each-ref --format=%(refname)%00%(upstream:short)%00%(objectname)%00%(upstream:track)%00%(upstream:remotename)%00%(upstream:remoteref) refs/heads/main refs/remotes/main [785ms]
2024-11-03 06:26:17.773 [info] > git check-ignore -v -z --stdin [98ms]
2024-11-03 06:26:17.775 [info] > git check-ignore -v -z --stdin [96ms]
2024-11-03 06:26:17.776 [info] > git check-ignore -v -z --stdin [94ms]
2024-11-03 06:26:17.777 [info] > git check-ignore -v -z --stdin [38ms]
2024-11-03 06:26:17.777 [info] > git check-ignore -v -z --stdin [35ms]
2024-11-03 06:26:17.778 [info] > git check-ignore -v -z --stdin [34ms]
2024-11-03 06:26:17.778 [info] > git check-ignore -v -z --stdin [32ms]
2024-11-03 06:26:17.778 [info] > git check-ignore -v -z --stdin [30ms]
2024-11-03 06:26:17.778 [info] > git check-ignore -v -z --stdin [28ms]
2024-11-03 06:26:17.779 [info] > git reflog master --grep-reflog=branch: Created from *. [126ms]
2024-11-03 06:26:17.789 [info] > git rev-parse --git-dir --git-common-dir [183ms]
2024-11-03 06:26:17.794 [info] [Model][openRepository] Opened repository: /home/naasir/secure-repo
2024-11-03 06:26:17.810 [info] > git symbolic-ref --short refs/remotes/origin/HEAD [26ms]
2024-11-03 06:26:17.810 [info] fatal: ref refs/remotes/origin/HEAD is not a symbolic ref
2024-11-03 06:26:17.811 [warning] [Repository][getDefaultBranch] Failed to get default branch details: Failed to execute git.
2024-11-03 06:26:17.813 [info] > git rev-parse --show-toplevel [5ms]
2024-11-03 06:26:17.814 [info] > git config --get commit.template [11ms]
2024-11-03 06:26:17.814 [info] > git for-each-ref --format=%(refname)%00%(upstream:short)%00%(objectname)%00%(upstream:track)%00%(upstream:remotename)%00%(upstream:remoteref) refs/heads/master refs/remotes/master [15ms]
2024-11-03 06:26:17.868 [info] > git status -z -uall [39ms]
2024-11-03 06:26:17.868 [info] > git status -z -uall [22ms]
2024-11-03 06:26:17.869 [info] > git rev-parse --show-toplevel [6ms]
2024-11-03 06:26:17.869 [info] > git for-each-ref --sort -committerdate --format %(refname) %(objectname) %(*objectname) [12ms]
2024-11-03 06:26:17.872 [info] > git for-each-ref --sort -committerdate --format %(refname) %(objectname) %(*objectname) [38ms]
2024-11-03 06:26:17.880 [info] > git for-each-ref --sort -committerdate --format %(refname) %(objectname) %(*objectname) [56ms]
2024-11-03 06:26:17.889 [info] > git for-each-ref --format=%(refname)%00%(upstream:short)%00%(objectname)%00%(upstream:track)%00%(upstream:remotename)%00%(upstream:remoteref) refs/heads/main refs/remotes/main [12ms]
2024-11-03 06:26:17.894 [info] > git for-each-ref --format=%(refname)%00%(upstream:short)%00%(objectname)%00%(upstream:track)%00%(upstream:remotename)%00%(upstream:remoteref) refs/heads/main refs/remotes/main [27ms]
2024-11-03 06:26:17.895 [info] > git config --local branch.main.vscode-merge-base [1ms]
2024-11-03 06:26:17.898 [info] > git config --get commit.template [10ms]
2024-11-03 06:26:17.898 [info] > git rev-parse --show-toplevel [14ms]
2024-11-03 06:26:17.910 [info] > git rev-parse --git-dir --git-common-dir [9ms]
2024-11-03 06:26:17.913 [info] [Model][openRepository] Opened repository: /home/naasir/testgithub
2024-11-03 06:26:17.914 [info] > git for-each-ref --format=%(refname)%00%(upstream:short)%00%(objectname)%00%(upstream:track)%00%(upstream:remotename)%00%(upstream:remoteref) refs/heads/origin/main refs/remotes/origin/main [16ms]
2024-11-03 06:26:17.961 [info] > git status -z -uall [29ms]
2024-11-03 06:26:17.962 [info] > git merge-base refs/heads/main refs/remotes/origin/main [34ms]
2024-11-03 06:26:17.965 [info] > git for-each-ref --format=%(refname)%00%(upstream:short)%00%(objectname)%00%(upstream:track)%00%(upstream:remotename)%00%(upstream:remoteref) refs/heads/main refs/remotes/main [57ms]
2024-11-03 06:26:17.967 [info] > git rev-parse --show-toplevel [12ms]
2024-11-03 06:26:17.967 [info] > git config --get commit.template [18ms]
2024-11-03 06:26:17.967 [info] > git for-each-ref --sort -committerdate --format %(refname) %(objectname) %(*objectname) [25ms]
2024-11-03 06:26:17.982 [info] > git status -z -uall [164ms]
2024-11-03 06:26:17.983 [info] > git for-each-ref --format=%(refname)%00%(upstream:short)%00%(objectname)%00%(upstream:track)%00%(upstream:remotename)%00%(upstream:remoteref) refs/heads/main refs/remotes/main [11ms]
2024-11-03 06:26:17.996 [info] > git diff --name-status -z --diff-filter=ADMR 30ed1690cfded9ece25adece8d8213c7add84fe6...refs/remotes/origin/main [31ms]
2024-11-03 06:26:18.092 [info] > git config --local branch.main.vscode-merge-base [96ms]
2024-11-03 06:26:18.095 [info] > git config --get commit.template [114ms]
2024-11-03 06:26:18.096 [info] > git rev-parse --show-toplevel [119ms]
2024-11-03 06:26:18.097 [info] [Model][doInitialScan] Initial repository scan completed - repositories (12), closed repositories (0), parent repositories (0), unsafe repositories (0)
2024-11-03 06:26:18.120 [info] > git show --textconv :classroom/13.js [20ms]
2024-11-03 06:26:18.120 [info] > git status -z -uall [12ms]
2024-11-03 06:26:18.120 [info] > git ls-files --stage -- /home/naasir/naasir-cfi/classroom/13.js [15ms]
2024-11-03 06:26:18.125 [info] > git for-each-ref --format=%(refname)%00%(upstream:short)%00%(objectname)%00%(upstream:track)%00%(upstream:remotename)%00%(upstream:remoteref) refs/heads/origin/main refs/remotes/origin/main [30ms]
2024-11-03 06:26:18.127 [info] > git for-each-ref --format=%(refname)%00%(upstream:short)%00%(objectname)%00%(upstream:track)%00%(upstream:remotename)%00%(upstream:remoteref) refs/heads/main refs/remotes/main [41ms]
2024-11-03 06:26:18.691 [info] > git merge-base refs/heads/main refs/remotes/origin/main [564ms]
2024-11-03 06:26:18.693 [info] > git cat-file -s a1a064f553be9a209542cc580af24677c720d1ae [569ms]
2024-11-03 06:26:18.693 [info] > git rev-parse --show-toplevel [580ms]
2024-11-03 06:26:18.693 [info] > git for-each-ref --sort -committerdate --format %(refname) %(objectname) %(*objectname) [582ms]
2024-11-03 06:26:18.720 [info] > git check-ignore -v -z --stdin [20ms]
2024-11-03 06:26:18.720 [info] > git check-ignore -v -z --stdin [18ms]
2024-11-03 06:26:18.721 [info] > git check-ignore -v -z --stdin [18ms]
2024-11-03 06:26:18.721 [info] > git check-ignore -v -z --stdin [15ms]
2024-11-03 06:26:18.721 [info] > git check-ignore -v -z --stdin [13ms]
2024-11-03 06:26:18.722 [info] > git check-ignore -v -z --stdin [12ms]
2024-11-03 06:26:18.722 [info] > git check-ignore -v -z --stdin [11ms]
2024-11-03 06:26:18.722 [info] > git check-ignore -v -z --stdin [9ms]
2024-11-03 06:26:18.722 [info] > git check-ignore -v -z --stdin [8ms]
2024-11-03 06:26:18.722 [info] > git check-ignore -v -z --stdin [6ms]
2024-11-03 06:26:18.722 [info] > git check-ignore -v -z --stdin [4ms]
2024-11-03 06:26:18.723 [info] > git diff --name-status -z --diff-filter=ADMR 3af397f5dafbe02db66452eb9177c85b867744b1...refs/remotes/origin/main [29ms]
2024-11-03 06:26:18.723 [info] > git for-each-ref --format=%(refname)%00%(upstream:short)%00%(objectname)%00%(upstream:track)%00%(upstream:remotename)%00%(upstream:remoteref) refs/heads/main refs/remotes/main [36ms]
2024-11-03 06:26:18.733 [info] > git status -z -uall [6ms]
2024-11-03 06:26:18.739 [info] > git for-each-ref --sort -committerdate --format %(refname) %(objectname) %(*objectname) [9ms]
2024-11-03 06:26:18.748 [info] > git status -z -uall [13ms]
2024-11-03 06:26:18.749 [info] > git for-each-ref --format=%(refname)%00%(upstream:short)%00%(objectname)%00%(upstream:track)%00%(upstream:remotename)%00%(upstream:remoteref) refs/heads/main refs/remotes/main [5ms]
2024-11-03 06:26:18.751 [info] > git for-each-ref --sort -committerdate --format %(refname) %(objectname) %(*objectname) [13ms]
2024-11-03 06:26:18.786 [info] > git config --local branch.main.vscode-merge-base [35ms]
2024-11-03 06:26:18.790 [info] > git config --get commit.template [42ms]
2024-11-03 06:26:18.792 [info] > git for-each-ref --format=%(refname)%00%(upstream:short)%00%(objectname)%00%(upstream:track)%00%(upstream:remotename)%00%(upstream:remoteref) refs/heads/origin/main refs/remotes/origin/main [3ms]
2024-11-03 06:26:18.801 [info] > git merge-base refs/heads/main refs/remotes/origin/main [5ms]
2024-11-03 06:26:18.807 [info] > git for-each-ref --format=%(refname)%00%(upstream:short)%00%(objectname)%00%(upstream:track)%00%(upstream:remotename)%00%(upstream:remoteref) refs/heads/main refs/remotes/main [7ms]
2024-11-03 06:26:18.807 [info] > git diff --name-status -z --diff-filter=ADMR 9027a779a9ad5c0e7f954cd9ffcccffdf936dbfe...refs/remotes/origin/main [4ms]
2024-11-03 06:26:18.813 [info] > git status -z -uall [2ms]
2024-11-03 06:26:18.814 [info] > git for-each-ref --sort -committerdate --format %(refname) %(objectname) %(*objectname) [1ms]
2024-11-03 06:26:20.847 [info] > git config --get commit.template [2ms]
2024-11-03 06:26:20.851 [info] > git for-each-ref --format=%(refname)%00%(upstream:short)%00%(objectname)%00%(upstream:track)%00%(upstream:remotename)%00%(upstream:remoteref) refs/heads/master refs/remotes/master [1ms]
2024-11-03 06:26:20.856 [info] > git for-each-ref --sort -committerdate --format %(refname) %(objectname) %(*objectname) [1ms]
2024-11-03 06:26:20.893 [info] > git status -z -uall [40ms]
2024-11-03 06:26:26.852 [info] > git config --get commit.template [4ms]
2024-11-03 06:26:26.853 [info] > git for-each-ref --format=%(refname)%00%(upstream:short)%00%(objectname)%00%(upstream:track)%00%(upstream:remotename)%00%(upstream:remoteref) refs/heads/master refs/remotes/master [1ms]
2024-11-03 06:26:26.858 [info] > git for-each-ref --sort -committerdate --format %(refname) %(objectname) %(*objectname) [1ms]
2024-11-03 06:26:26.895 [info] > git status -z -uall [39ms]
2024-11-03 06:26:31.962 [info] > git config --get commit.template [3ms]
2024-11-03 06:26:31.962 [info] > git for-each-ref --format=%(refname)%00%(upstream:short)%00%(objectname)%00%(upstream:track)%00%(upstream:remotename)%00%(upstream:remoteref) refs/heads/master refs/remotes/master [0ms]
2024-11-03 06:26:31.968 [info] > git for-each-ref --sort -committerdate --format %(refname) %(objectname) %(*objectname) [1ms]
2024-11-03 06:26:32.005 [info] > git status -z -uall [41ms]
2024-11-03 06:26:37.104 [info] > git config --get commit.template [4ms]
2024-11-03 06:26:37.105 [info] > git for-each-ref --format=%(refname)%00%(upstream:short)%00%(objectname)%00%(upstream:track)%00%(upstream:remotename)%00%(upstream:remoteref) refs/heads/master refs/remotes/master [1ms]
2024-11-03 06:26:37.110 [info] > git for-each-ref --sort -committerdate --format %(refname) %(objectname) %(*objectname) [1ms]
2024-11-03 06:26:37.150 [info] > git status -z -uall [43ms]
2024-11-03 06:26:42.214 [info] > git config --get commit.template [6ms]
2024-11-03 06:26:42.215 [info] > git for-each-ref --format=%(refname)%00%(upstream:short)%00%(objectname)%00%(upstream:track)%00%(upstream:remotename)%00%(upstream:remoteref) refs/heads/master refs/remotes/master [2ms]
2024-11-03 06:26:42.221 [info] > git for-each-ref --sort -committerdate --format %(refname) %(objectname) %(*objectname) [1ms]
2024-11-03 06:26:42.262 [info] > git status -z -uall [45ms]
2024-11-03 06:26:47.327 [info] > git config --get commit.template [3ms]
2024-11-03 06:26:47.328 [info] > git for-each-ref --format=%(refname)%00%(upstream:short)%00%(objectname)%00%(upstream:track)%00%(upstream:remotename)%00%(upstream:remoteref) refs/heads/master refs/remotes/master [1ms]
2024-11-03 06:26:47.332 [info] > git for-each-ref --sort -committerdate --format %(refname) %(objectname) %(*objectname) [1ms]
2024-11-03 06:26:47.369 [info] > git status -z -uall [39ms]
2024-11-03 06:26:52.430 [info] > git config --get commit.template [4ms]
2024-11-03 06:26:52.431 [info] > git for-each-ref --format=%(refname)%00%(upstream:short)%00%(objectname)%00%(upstream:track)%00%(upstream:remotename)%00%(upstream:remoteref) refs/heads/master refs/remotes/master [1ms]
2024-11-03 06:26:52.436 [info] > git for-each-ref --sort -committerdate --format %(refname) %(objectname) %(*objectname) [1ms]
2024-11-03 06:26:52.473 [info] > git status -z -uall [40ms]
2024-11-03 06:26:58.100 [info] > git config --get commit.template [1ms]
2024-11-03 06:26:58.103 [info] > git for-each-ref --format=%(refname)%00%(upstream:short)%00%(objectname)%00%(upstream:track)%00%(upstream:remotename)%00%(upstream:remoteref) refs/heads/master refs/remotes/master [1ms]
2024-11-03 06:26:58.108 [info] > git for-each-ref --sort -committerdate --format %(refname) %(objectname) %(*objectname) [1ms]
2024-11-03 06:26:58.143 [info] > git status -z -uall [38ms]
2024-11-03 06:27:03.210 [info] > git config --get commit.template [3ms]
2024-11-03 06:27:03.211 [info] > git for-each-ref --format=%(refname)%00%(upstream:short)%00%(objectname)%00%(upstream:track)%00%(upstream:remotename)%00%(upstream:remoteref) refs/heads/master refs/remotes/master [1ms]
2024-11-03 06:27:03.216 [info] > git for-each-ref --sort -committerdate --format %(refname) %(objectname) %(*objectname) [0ms]
2024-11-03 06:27:03.255 [info] > git status -z -uall [42ms]
2024-11-03 06:27:08.319 [info] > git config --get commit.template [0ms]
2024-11-03 06:27:08.323 [info] > git for-each-ref --format=%(refname)%00%(upstream:short)%00%(objectname)%00%(upstream:track)%00%(upstream:remotename)%00%(upstream:remoteref) refs/heads/master refs/remotes/master [1ms]
2024-11-03 06:27:08.328 [info] > git for-each-ref --sort -committerdate --format %(refname) %(objectname) %(*objectname) [1ms]
2024-11-03 06:27:08.363 [info] > git status -z -uall [38ms]
2024-11-03 06:27:13.425 [info] > git config --get commit.template [3ms]
2024-11-03 06:27:13.426 [info] > git for-each-ref --format=%(refname)%00%(upstream:short)%00%(objectname)%00%(upstream:track)%00%(upstream:remotename)%00%(upstream:remoteref) refs/heads/master refs/remotes/master [0ms]
2024-11-03 06:27:13.432 [info] > git for-each-ref --sort -committerdate --format %(refname) %(objectname) %(*objectname) [2ms]
2024-11-03 06:27:13.472 [info] > git status -z -uall [45ms]
2024-11-03 06:27:18.553 [info] > git config --get commit.template [4ms]
2024-11-03 06:27:18.553 [info] > git for-each-ref --format=%(refname)%00%(upstream:short)%00%(objectname)%00%(upstream:track)%00%(upstream:remotename)%00%(upstream:remoteref) refs/heads/master refs/remotes/master [1ms]
2024-11-03 06:27:18.559 [info] > git for-each-ref --sort -committerdate --format %(refname) %(objectname) %(*objectname) [0ms]
2024-11-03 06:27:18.597 [info] > git status -z -uall [41ms]
2024-11-03 06:27:23.664 [info] > git config --get commit.template [4ms]
2024-11-03 06:27:23.665 [info] > git for-each-ref --format=%(refname)%00%(upstream:short)%00%(objectname)%00%(upstream:track)%00%(upstream:remotename)%00%(upstream:remoteref) refs/heads/master refs/remotes/master [1ms]
2024-11-03 06:27:23.671 [info] > git for-each-ref --sort -committerdate --format %(refname) %(objectname) %(*objectname) [1ms]
2024-11-03 06:27:23.707 [info] > git status -z -uall [39ms]
