2024-11-07 17:02:09.828 [info] [main] Log level: Info
2024-11-07 17:02:09.828 [info] [main] Validating found git in: "git"
2024-11-07 17:02:09.828 [info] [main] Using git "2.43.0" from "git"
2024-11-07 17:02:09.828 [info] [Model][doInitialScan] Initial repository scan started
2024-11-07 17:02:09.828 [info] > git rev-parse --show-toplevel [487ms]
2024-11-07 17:02:09.828 [info] > git rev-parse --show-toplevel [73ms]
2024-11-07 17:02:09.846 [info] > git rev-parse --show-toplevel [18ms]
2024-11-07 17:02:09.881 [info] > git rev-parse --show-toplevel [3ms]
2024-11-07 17:02:09.890 [info] [Model][doInitialScan] Initial repository scan completed - repositories (0), closed repositories (0), parent repositories (1), unsafe repositories (0)
2024-11-07 17:02:09.906 [info] > git rev-parse --show-toplevel [2ms]
2024-11-07 17:02:13.442 [info] > git rev-parse --show-toplevel [3ms]
2024-11-07 17:02:15.562 [info] > git rev-parse --show-toplevel [1ms]
2024-11-07 17:02:20.314 [info] > git rev-parse --show-toplevel [3ms]
2024-11-07 17:02:21.268 [info] > git rev-parse --show-toplevel [2ms]
2024-11-07 17:02:24.155 [info] > git rev-parse --show-toplevel [3ms]
2024-11-07 17:02:33.848 [info] > git rev-parse --show-toplevel [1ms]
2024-11-07 17:02:36.867 [info] > git rev-parse --show-toplevel [2ms]
2024-11-07 17:02:46.538 [info] > git rev-parse --show-toplevel [2ms]
2024-11-07 17:02:47.344 [info] > git rev-parse --show-toplevel [2ms]
2024-11-07 17:02:49.027 [info] > git rev-parse --show-toplevel [2ms]
2024-11-07 17:02:50.542 [info] > git rev-parse --show-toplevel [4ms]
2024-11-07 17:02:51.866 [info] > git rev-parse --show-toplevel [3ms]
2024-11-07 17:02:52.921 [info] > git rev-parse --show-toplevel [2ms]
2024-11-07 17:02:54.648 [info] > git rev-parse --show-toplevel [1ms]
2024-11-07 17:02:56.509 [info] > git rev-parse --show-toplevel [2ms]
2024-11-07 17:02:57.234 [info] > git rev-parse --show-toplevel [2ms]
2024-11-07 17:02:58.161 [info] > git rev-parse --show-toplevel [2ms]
2024-11-07 17:02:58.991 [info] > git rev-parse --show-toplevel [2ms]
2024-11-07 17:02:59.770 [info] > git rev-parse --show-toplevel [2ms]
2024-11-07 17:03:01.422 [info] > git rev-parse --show-toplevel [1ms]
2024-11-07 17:03:03.756 [info] > git rev-parse --show-toplevel [4ms]
2024-11-07 17:03:28.635 [info] > git rev-parse --show-toplevel [4ms]
2024-11-07 17:04:27.081 [info] > git rev-parse --show-toplevel [19ms]
2024-11-07 17:04:39.167 [info] > git rev-parse --show-toplevel [9ms]
2024-11-07 17:04:43.430 [info] > git rev-parse --show-toplevel [2ms]
2024-11-07 17:04:44.317 [info] > git rev-parse --show-toplevel [2ms]
2024-11-07 17:07:22.413 [info] > git rev-parse --show-toplevel [5ms]
2024-11-07 17:07:38.444 [info] > git rev-parse --show-toplevel [4ms]
2024-11-07 17:15:17.306 [info] > git rev-parse --show-toplevel [9ms]
2024-11-07 17:19:16.795 [info] > git rev-parse --show-toplevel [5ms]
