2024-11-06 15:28:02.549 [info] [main] Log level: Info
2024-11-06 15:28:02.549 [info] [main] Validating found git in: "git"
2024-11-06 15:28:02.549 [info] [main] Using git "2.43.0" from "git"
2024-11-06 15:28:02.549 [info] [Model][doInitialScan] Initial repository scan started
2024-11-06 15:28:02.549 [info] > git rev-parse --show-toplevel [8ms]
2024-11-06 15:28:02.556 [info] > git rev-parse --show-toplevel [14ms]
2024-11-06 15:28:02.581 [info] > git rev-parse --show-toplevel [10ms]
2024-11-06 15:28:02.587 [info] [Model][doInitialScan] Initial repository scan completed - repositories (0), closed repositories (0), parent repositories (1), unsafe repositories (0)
2024-11-06 15:30:26.151 [info] > git rev-parse --show-toplevel [1ms]
2024-11-06 15:30:51.844 [info] > git rev-parse --show-toplevel [3ms]
2024-11-06 15:30:54.755 [info] > git rev-parse --show-toplevel [2ms]
2024-11-06 15:31:03.342 [info] > git rev-parse --show-toplevel [2ms]
2024-11-06 15:31:03.993 [info] > git rev-parse --show-toplevel [1ms]
2024-11-06 15:31:04.662 [info] > git rev-parse --show-toplevel [2ms]
2024-11-06 15:31:05.213 [info] > git rev-parse --show-toplevel [2ms]
2024-11-06 15:31:05.742 [info] > git rev-parse --show-toplevel [2ms]
2024-11-06 15:31:07.660 [info] > git rev-parse --show-toplevel [3ms]
2024-11-06 15:31:08.290 [info] > git rev-parse --show-toplevel [4ms]
2024-11-06 15:31:09.655 [info] > git rev-parse --show-toplevel [1ms]
2024-11-06 15:31:11.744 [info] > git rev-parse --show-toplevel [1ms]
2024-11-06 15:31:13.172 [info] > git rev-parse --show-toplevel [2ms]
2024-11-06 15:31:16.750 [info] > git rev-parse --show-toplevel [1ms]
2024-11-06 15:31:18.881 [info] > git rev-parse --show-toplevel [1ms]
2024-11-06 15:31:19.599 [info] > git rev-parse --show-toplevel [1ms]
2024-11-06 15:31:20.434 [info] > git rev-parse --show-toplevel [1ms]
2024-11-06 15:31:21.076 [info] > git rev-parse --show-toplevel [2ms]
2024-11-06 15:31:22.668 [info] > git rev-parse --show-toplevel [4ms]
2024-11-06 15:31:26.365 [info] > git rev-parse --show-toplevel [2ms]
2024-11-06 15:31:30.563 [info] > git rev-parse --show-toplevel [2ms]
2024-11-06 15:31:32.349 [info] > git rev-parse --show-toplevel [2ms]
2024-11-06 15:31:32.854 [info] > git rev-parse --show-toplevel [2ms]
2024-11-06 15:31:33.308 [info] > git rev-parse --show-toplevel [2ms]
2024-11-06 15:31:33.888 [info] > git rev-parse --show-toplevel [1ms]
2024-11-06 15:31:34.674 [info] > git rev-parse --show-toplevel [1ms]
2024-11-06 15:31:37.251 [info] > git rev-parse --show-toplevel [2ms]
2024-11-06 15:31:37.826 [info] > git rev-parse --show-toplevel [2ms]
2024-11-06 15:31:38.392 [info] > git rev-parse --show-toplevel [1ms]
2024-11-06 15:31:39.042 [info] > git rev-parse --show-toplevel [1ms]
2024-11-06 15:31:39.582 [info] > git rev-parse --show-toplevel [1ms]
2024-11-06 15:31:41.493 [info] > git rev-parse --show-toplevel [1ms]
2024-11-06 15:32:25.146 [info] > git rev-parse --show-toplevel [3ms]
2024-11-06 15:33:58.298 [info] > git rev-parse --show-toplevel [7ms]
2024-11-06 15:34:03.931 [info] > git rev-parse --show-toplevel [8ms]
2024-11-06 15:34:05.454 [info] > git rev-parse --show-toplevel [2ms]
2024-11-06 15:37:06.742 [info] > git rev-parse --show-toplevel [13ms]
2024-11-06 15:40:52.644 [info] > git rev-parse --show-toplevel [3ms]
2024-11-06 15:42:17.824 [info] > git rev-parse --show-toplevel [2ms]
2024-11-06 15:42:23.614 [info] > git rev-parse --show-toplevel [5ms]
2024-11-06 15:42:26.791 [info] > git rev-parse --show-toplevel [4ms]
2024-11-06 15:43:32.579 [info] > git rev-parse --show-toplevel [2ms]
2024-11-06 15:44:09.812 [info] > git rev-parse --show-toplevel [3ms]
2024-11-06 15:44:14.152 [info] > git rev-parse --show-toplevel [4ms]
2024-11-06 16:27:51.247 [info] > git rev-parse --show-toplevel [12ms]
2024-11-06 16:27:52.873 [info] > git rev-parse --show-toplevel [2ms]
2024-11-06 16:27:53.667 [info] > git rev-parse --show-toplevel [1ms]
2024-11-06 16:27:54.646 [info] > git rev-parse --show-toplevel [1ms]
2024-11-06 16:27:55.600 [info] > git rev-parse --show-toplevel [1ms]
2024-11-06 16:27:56.536 [info] > git rev-parse --show-toplevel [3ms]
2024-11-06 16:27:57.585 [info] > git rev-parse --show-toplevel [14ms]
2024-11-06 16:28:52.678 [info] > git rev-parse --show-toplevel [2ms]
2024-11-06 16:28:56.344 [info] > git rev-parse --show-toplevel [10ms]
2024-11-06 16:28:59.558 [info] > git rev-parse --show-toplevel [1ms]
2024-11-06 16:29:00.772 [info] > git rev-parse --show-toplevel [4ms]
2024-11-06 16:29:02.407 [info] > git rev-parse --show-toplevel [24ms]
2024-11-06 16:29:06.706 [info] > git rev-parse --show-toplevel [2ms]
2024-11-06 16:29:08.645 [info] > git rev-parse --show-toplevel [15ms]
2024-11-06 16:29:12.221 [info] > git rev-parse --show-toplevel [4ms]
2024-11-06 16:29:14.494 [info] > git rev-parse --show-toplevel [3ms]
2024-11-06 16:29:15.862 [info] > git rev-parse --show-toplevel [2ms]
2024-11-06 16:29:16.515 [info] > git rev-parse --show-toplevel [2ms]
2024-11-06 16:29:17.121 [info] > git rev-parse --show-toplevel [5ms]
2024-11-06 16:29:32.210 [info] > git rev-parse --show-toplevel [2ms]
2024-11-06 16:29:34.054 [info] > git rev-parse --show-toplevel [1ms]
2024-11-06 16:29:35.707 [info] > git rev-parse --show-toplevel [13ms]
2024-11-06 16:29:39.805 [info] > git rev-parse --show-toplevel [3ms]
2024-11-06 16:29:42.106 [info] > git rev-parse --show-toplevel [1ms]
2024-11-06 16:29:44.868 [info] > git rev-parse --show-toplevel [1ms]
2024-11-06 16:29:46.117 [info] > git rev-parse --show-toplevel [1ms]
2024-11-06 16:29:47.872 [info] > git rev-parse --show-toplevel [1ms]
2024-11-06 16:29:54.131 [info] > git rev-parse --show-toplevel [2ms]
2024-11-06 16:29:55.124 [info] > git rev-parse --show-toplevel [7ms]
2024-11-06 16:34:34.387 [info] > git rev-parse --show-toplevel [3ms]
2024-11-06 16:35:18.592 [info] > git rev-parse --show-toplevel [3ms]
2024-11-06 16:35:21.809 [info] > git rev-parse --show-toplevel [16ms]
2024-11-06 16:43:53.442 [info] > git rev-parse --show-toplevel [3ms]
2024-11-06 16:44:16.182 [info] > git rev-parse --show-toplevel [2ms]
2024-11-06 16:44:29.342 [info] > git rev-parse --show-toplevel [8ms]
2024-11-06 16:47:21.210 [info] > git rev-parse --show-toplevel [26ms]
2024-11-06 17:39:08.645 [info] > git rev-parse --show-toplevel [8ms]
2024-11-06 17:39:10.185 [info] > git rev-parse --show-toplevel [3ms]
2024-11-06 17:47:49.258 [info] > git rev-parse --show-toplevel [1ms]
2024-11-06 17:47:52.255 [info] > git rev-parse --show-toplevel [4ms]
2024-11-06 17:47:54.901 [info] > git rev-parse --show-toplevel [1ms]
2024-11-06 17:47:55.934 [info] > git rev-parse --show-toplevel [2ms]
2024-11-06 17:47:57.604 [info] > git rev-parse --show-toplevel [14ms]
2024-11-06 17:47:59.022 [info] > git rev-parse --show-toplevel [2ms]
2024-11-06 18:11:30.880 [info] > git rev-parse --show-toplevel [10ms]
2024-11-06 18:11:32.598 [info] > git rev-parse --show-toplevel [2ms]
2024-11-06 18:11:33.366 [info] > git rev-parse --show-toplevel [6ms]
2024-11-06 18:13:41.745 [info] > git rev-parse --show-toplevel [2ms]
2024-11-06 18:13:50.467 [info] > git rev-parse --show-toplevel [3ms]
2024-11-06 18:13:51.062 [info] > git rev-parse --show-toplevel [2ms]
2024-11-06 18:13:51.589 [info] > git rev-parse --show-toplevel [1ms]
2024-11-06 18:13:52.523 [info] > git rev-parse --show-toplevel [12ms]
2024-11-06 18:13:53.212 [info] > git rev-parse --show-toplevel [2ms]
2024-11-06 18:13:55.987 [info] > git rev-parse --show-toplevel [1ms]
2024-11-06 18:14:05.682 [info] > git rev-parse --show-toplevel [5ms]
2024-11-06 18:14:09.238 [info] > git rev-parse --show-toplevel [2ms]
2024-11-06 18:14:10.090 [info] > git rev-parse --show-toplevel [5ms]
2024-11-06 18:14:11.188 [info] > git rev-parse --show-toplevel [5ms]
2024-11-06 18:15:35.765 [info] > git rev-parse --show-toplevel [3ms]
2024-11-06 18:15:43.459 [info] > git rev-parse --show-toplevel [2ms]
2024-11-06 18:15:52.449 [info] > git rev-parse --show-toplevel [2ms]
2024-11-06 18:15:57.539 [info] > git rev-parse --show-toplevel [4ms]
2024-11-06 18:15:58.218 [info] > git rev-parse --show-toplevel [13ms]
2024-11-06 18:16:00.208 [info] > git rev-parse --show-toplevel [1ms]
2024-11-06 18:16:04.595 [info] > git rev-parse --show-toplevel [2ms]
2024-11-06 18:16:07.672 [info] > git rev-parse --show-toplevel [2ms]
2024-11-06 18:16:09.630 [info] > git rev-parse --show-toplevel [2ms]
2024-11-06 18:16:10.590 [info] > git rev-parse --show-toplevel [3ms]
2024-11-06 18:16:13.013 [info] > git rev-parse --show-toplevel [4ms]
2024-11-06 18:16:21.145 [info] > git rev-parse --show-toplevel [5ms]
2024-11-06 18:16:25.252 [info] > git rev-parse --show-toplevel [4ms]
2024-11-06 18:16:26.594 [info] > git rev-parse --show-toplevel [1ms]
2024-11-06 18:16:29.010 [info] > git rev-parse --show-toplevel [1ms]
2024-11-06 18:16:30.431 [info] > git rev-parse --show-toplevel [13ms]
2024-11-06 18:16:41.006 [info] > git rev-parse --show-toplevel [6ms]
2024-11-06 18:16:44.023 [info] > git rev-parse --show-toplevel [4ms]
2024-11-06 18:16:45.707 [info] > git rev-parse --show-toplevel [3ms]
2024-11-06 18:16:46.413 [info] > git rev-parse --show-toplevel [1ms]
2024-11-06 18:16:47.083 [info] > git rev-parse --show-toplevel [12ms]
2024-11-06 18:16:48.363 [info] > git rev-parse --show-toplevel [26ms]
2024-11-06 18:16:49.604 [info] > git rev-parse --show-toplevel [2ms]
2024-11-06 18:16:51.200 [info] > git rev-parse --show-toplevel [1ms]
2024-11-06 18:16:54.657 [info] > git rev-parse --show-toplevel [1ms]
2024-11-06 18:16:57.842 [info] > git rev-parse --show-toplevel [1ms]
2024-11-06 18:17:00.302 [info] > git rev-parse --show-toplevel [3ms]
