2024-11-06 02:09:39.002 [info] [main] Log level: Info
2024-11-06 02:09:39.002 [info] [main] Validating found git in: "git"
2024-11-06 02:09:39.002 [info] [main] Using git "2.43.0" from "git"
2024-11-06 02:09:39.002 [info] [Model][doInitialScan] Initial repository scan started
2024-11-06 02:09:39.002 [info] > git rev-parse --show-toplevel [729ms]
2024-11-06 02:09:39.040 [info] > git rev-parse --show-toplevel [21ms]
2024-11-06 02:09:39.070 [info] > git rev-parse --show-toplevel [7ms]
2024-11-06 02:09:39.097 [info] [Model][doInitialScan] Initial repository scan completed - repositories (0), closed repositories (0), parent repositories (1), unsafe repositories (0)
2024-11-06 02:10:02.640 [info] > git rev-parse --show-toplevel [8ms]
2024-11-06 02:10:09.065 [info] > git rev-parse --show-toplevel [2ms]
2024-11-06 02:10:27.526 [info] > git rev-parse --show-toplevel [9ms]
2024-11-06 02:10:30.980 [info] > git rev-parse --show-toplevel [6ms]
2024-11-06 02:10:44.226 [info] > git rev-parse --show-toplevel [3ms]
2024-11-06 02:11:02.261 [info] > git rev-parse --show-toplevel [3ms]
2024-11-06 02:11:04.788 [info] > git rev-parse --show-toplevel [3ms]
2024-11-06 02:11:08.191 [info] > git rev-parse --show-toplevel [5ms]
2024-11-06 02:11:10.779 [info] > git rev-parse --show-toplevel [3ms]
2024-11-06 02:28:59.551 [info] > git rev-parse --show-toplevel [4ms]
2024-11-06 02:29:04.850 [info] > git rev-parse --show-toplevel [3ms]
2024-11-06 02:29:07.029 [info] > git rev-parse --show-toplevel [3ms]
2024-11-06 02:47:27.492 [info] > git rev-parse --show-toplevel [3ms]
2024-11-06 02:47:32.195 [info] > git rev-parse --show-toplevel [10ms]
2024-11-06 02:47:35.850 [info] > git rev-parse --show-toplevel [3ms]
2024-11-06 02:47:38.828 [info] > git rev-parse --show-toplevel [0ms]
2024-11-06 02:47:40.013 [info] > git rev-parse --show-toplevel [16ms]
2024-11-06 02:59:21.354 [info] > git rev-parse --show-toplevel [3ms]
2024-11-06 02:59:27.464 [info] > git rev-parse --show-toplevel [1ms]
2024-11-06 02:59:39.179 [info] > git rev-parse --show-toplevel [4ms]
2024-11-06 03:20:31.784 [info] > git rev-parse --show-toplevel [16ms]
2024-11-06 03:20:33.546 [info] > git rev-parse --show-toplevel [2ms]
2024-11-06 03:20:35.491 [info] > git rev-parse --show-toplevel [9ms]
2024-11-06 03:39:17.041 [info] > git rev-parse --show-toplevel [3ms]
2024-11-06 03:39:22.108 [info] > git rev-parse --show-toplevel [4ms]
2024-11-06 03:39:28.132 [info] > git rev-parse --show-toplevel [3ms]
2024-11-06 04:40:04.319 [info] > git rev-parse --show-toplevel [7ms]
