2024-11-01 03:00:19.430 [info] [main] Log level: Info
2024-11-01 03:00:19.430 [info] [main] Validating found git in: "git"
2024-11-01 03:00:19.430 [info] [main] Using git "2.43.0" from "git"
2024-11-01 03:00:19.430 [info] [Model][doInitialScan] Initial repository scan started
2024-11-01 03:00:19.430 [info] > git rev-parse --show-toplevel [298ms]
2024-11-01 03:00:19.529 [info] > git rev-parse --show-toplevel [80ms]
2024-11-01 03:00:19.561 [info] [Model][doInitialScan] Initial repository scan completed - repositories (0), closed repositories (0), parent repositories (1), unsafe repositories (0)
2024-11-01 03:00:28.654 [info] > git rev-parse --show-toplevel [2ms]
2024-11-01 03:01:03.969 [info] > git rev-parse --show-toplevel [2ms]
2024-11-01 03:01:10.087 [info] > git rev-parse --show-toplevel [2ms]
2024-11-01 03:01:15.910 [info] > git rev-parse --show-toplevel [1ms]
2024-11-01 03:01:18.164 [info] > git rev-parse --show-toplevel [2ms]
2024-11-01 03:01:19.348 [info] > git rev-parse --show-toplevel [2ms]
2024-11-01 03:01:22.350 [info] > git rev-parse --show-toplevel [4ms]
2024-11-01 03:01:25.099 [info] > git rev-parse --show-toplevel [1ms]
2024-11-01 03:01:25.891 [info] > git rev-parse --show-toplevel [1ms]
2024-11-01 03:01:26.542 [info] > git rev-parse --show-toplevel [2ms]
2024-11-01 03:01:27.522 [info] > git rev-parse --show-toplevel [3ms]
2024-11-01 03:01:29.734 [info] > git rev-parse --show-toplevel [4ms]
2024-11-01 03:01:31.127 [info] > git rev-parse --show-toplevel [2ms]
2024-11-01 03:04:41.102 [info] > git rev-parse --show-toplevel [2ms]
2024-11-01 03:04:43.645 [info] > git rev-parse --show-toplevel [2ms]
2024-11-01 03:04:50.995 [info] > git rev-parse --show-toplevel [2ms]
2024-11-01 03:04:53.615 [info] > git rev-parse --show-toplevel [2ms]
2024-11-01 03:04:56.162 [info] > git rev-parse --show-toplevel [10ms]
2024-11-01 03:04:57.733 [info] > git rev-parse --show-toplevel [2ms]
2024-11-01 03:05:00.814 [info] > git rev-parse --show-toplevel [1ms]
2024-11-01 03:05:01.896 [info] > git rev-parse --show-toplevel [2ms]
2024-11-01 03:05:05.215 [info] > git rev-parse --show-toplevel [3ms]
2024-11-01 03:05:06.344 [info] > git rev-parse --show-toplevel [1ms]
2024-11-01 03:05:07.228 [info] > git rev-parse --show-toplevel [2ms]
2024-11-01 03:06:22.589 [info] > git rev-parse --show-toplevel [5ms]
2024-11-01 03:06:24.898 [info] > git rev-parse --show-toplevel [1ms]
2024-11-01 03:06:26.408 [info] > git rev-parse --show-toplevel [2ms]
2024-11-01 03:06:27.674 [info] > git rev-parse --show-toplevel [7ms]
2024-11-01 03:19:31.716 [info] > git rev-parse --show-toplevel [1ms]
2024-11-01 03:22:47.818 [info] > git rev-parse --show-toplevel [30ms]
2024-11-01 03:22:51.904 [info] > git rev-parse --show-toplevel [8ms]
2024-11-01 03:22:53.718 [info] > git rev-parse --show-toplevel [2ms]
2024-11-01 03:22:54.876 [info] > git rev-parse --show-toplevel [3ms]
2024-11-01 03:23:37.433 [info] > git rev-parse --show-toplevel [2ms]
2024-11-01 03:23:39.290 [info] > git rev-parse --show-toplevel [3ms]
2024-11-01 03:33:04.845 [info] > git rev-parse --show-toplevel [2ms]
2024-11-01 03:33:06.232 [info] > git rev-parse --show-toplevel [3ms]
2024-11-01 03:33:12.204 [info] > git rev-parse --show-toplevel [3ms]
2024-11-01 03:45:45.866 [info] > git rev-parse --show-toplevel [2ms]
2024-11-01 03:45:50.816 [info] > git rev-parse --show-toplevel [2ms]
2024-11-01 03:48:38.096 [info] > git rev-parse --show-toplevel [4ms]
2024-11-01 03:48:40.400 [info] > git rev-parse --show-toplevel [6ms]
2024-11-01 03:54:15.450 [info] > git rev-parse --show-toplevel [5ms]
2024-11-01 03:54:22.829 [info] > git rev-parse --show-toplevel [3ms]
2024-11-01 03:58:00.037 [info] > git rev-parse --show-toplevel [5ms]
2024-11-01 03:58:03.207 [info] > git rev-parse --show-toplevel [2ms]
2024-11-01 03:59:03.871 [info] > git rev-parse --show-toplevel [2ms]
2024-11-01 03:59:04.962 [info] > git rev-parse --show-toplevel [3ms]
2024-11-01 03:59:57.904 [info] > git rev-parse --show-toplevel [2ms]
2024-11-01 03:59:59.459 [info] > git rev-parse --show-toplevel [1ms]
2024-11-01 04:00:30.831 [info] > git rev-parse --show-toplevel [5ms]
2024-11-01 04:08:10.499 [info] > git rev-parse --show-toplevel [8ms]
2024-11-01 04:08:13.163 [info] > git rev-parse --show-toplevel [5ms]
2024-11-01 04:08:15.656 [info] > git rev-parse --show-toplevel [4ms]
2024-11-01 04:08:19.788 [info] > git rev-parse --show-toplevel [6ms]
2024-11-01 04:08:20.870 [info] > git rev-parse --show-toplevel [3ms]
2024-11-01 04:10:57.424 [info] > git rev-parse --show-toplevel [4ms]
2024-11-01 04:11:22.643 [info] > git rev-parse --show-toplevel [5ms]
2024-11-01 04:12:53.252 [info] > git rev-parse --show-toplevel [3ms]
2024-11-01 04:12:54.941 [info] > git rev-parse --show-toplevel [3ms]
2024-11-01 04:12:58.659 [info] > git rev-parse --show-toplevel [1ms]
2024-11-01 04:12:59.516 [info] > git rev-parse --show-toplevel [5ms]
2024-11-01 04:13:02.385 [info] > git rev-parse --show-toplevel [4ms]
2024-11-01 04:24:43.238 [info] > git rev-parse --show-toplevel [3ms]
2024-11-01 04:24:48.395 [info] > git rev-parse --show-toplevel [2ms]
2024-11-01 04:24:49.749 [info] > git rev-parse --show-toplevel [1ms]
2024-11-01 05:04:57.653 [info] > git rev-parse --show-toplevel [19ms]
2024-11-01 05:50:54.716 [info] > git rev-parse --show-toplevel [32ms]
2024-11-01 05:52:41.940 [info] > git rev-parse --show-toplevel [7ms]
2024-11-01 05:52:45.465 [info] > git rev-parse --show-toplevel [2ms]
2024-11-01 05:52:47.448 [info] > git rev-parse --show-toplevel [22ms]
2024-11-01 05:52:48.104 [info] > git rev-parse --show-toplevel [6ms]
2024-11-01 05:52:48.713 [info] > git rev-parse --show-toplevel [3ms]
2024-11-01 05:52:49.745 [info] > git rev-parse --show-toplevel [4ms]
2024-11-01 05:52:53.812 [info] > git rev-parse --show-toplevel [6ms]
2024-11-01 05:52:56.030 [info] > git rev-parse --show-toplevel [1ms]
2024-11-01 05:53:00.076 [info] > git rev-parse --show-toplevel [6ms]
2024-11-01 05:54:55.221 [info] > git rev-parse --show-toplevel [2ms]
2024-11-01 05:54:57.867 [info] > git rev-parse --show-toplevel [2ms]
2024-11-01 05:54:58.713 [info] > git rev-parse --show-toplevel [32ms]
2024-11-01 05:54:59.554 [info] > git rev-parse --show-toplevel [3ms]
2024-11-01 05:55:01.600 [info] > git rev-parse --show-toplevel [16ms]
2024-11-01 05:55:05.621 [info] > git rev-parse --show-toplevel [6ms]
2024-11-01 05:55:07.267 [info] > git rev-parse --show-toplevel [2ms]
2024-11-01 05:55:08.186 [info] > git rev-parse --show-toplevel [3ms]
2024-11-01 05:55:09.117 [info] > git rev-parse --show-toplevel [1ms]
2024-11-01 05:55:09.879 [info] > git rev-parse --show-toplevel [13ms]
2024-11-01 05:55:20.625 [info] > git rev-parse --show-toplevel [7ms]
2024-11-01 05:55:25.396 [info] > git rev-parse --show-toplevel [3ms]
2024-11-01 05:55:26.192 [info] > git rev-parse --show-toplevel [2ms]
2024-11-01 05:55:34.319 [info] > git rev-parse --show-toplevel [3ms]
2024-11-01 05:55:35.856 [info] > git rev-parse --show-toplevel [2ms]
2024-11-01 05:55:36.791 [info] > git rev-parse --show-toplevel [2ms]
2024-11-01 05:56:08.857 [info] > git rev-parse --show-toplevel [3ms]
2024-11-01 05:56:12.151 [info] > git rev-parse --show-toplevel [4ms]
2024-11-01 05:56:15.486 [info] > git rev-parse --show-toplevel [2ms]
2024-11-01 05:56:18.249 [info] > git rev-parse --show-toplevel [2ms]
2024-11-01 05:56:18.997 [info] > git rev-parse --show-toplevel [1ms]
2024-11-01 06:05:23.215 [info] > git rev-parse --show-toplevel [9ms]
2024-11-01 06:06:04.401 [info] > git rev-parse --show-toplevel [59ms]
2024-11-01 06:06:17.548 [info] > git rev-parse --show-toplevel [11ms]
2024-11-01 06:06:27.014 [info] > git rev-parse --show-toplevel [14ms]
2024-11-01 06:07:07.335 [info] > git rev-parse --show-toplevel [6ms]
2024-11-01 06:07:47.811 [info] > git rev-parse --show-toplevel [3ms]
2024-11-01 06:07:48.767 [info] > git rev-parse --show-toplevel [19ms]
2024-11-01 06:07:49.674 [info] > git rev-parse --show-toplevel [3ms]
