2024-11-06 15:29:38.362 [info] [main] Log level: Info
2024-11-06 15:29:38.362 [info] [main] Validating found git in: "git"
2024-11-06 15:29:38.362 [info] [main] Using git "2.43.0" from "git"
2024-11-06 15:29:38.362 [info] [Model][doInitialScan] Initial repository scan started
2024-11-06 15:29:38.362 [info] > git rev-parse --show-toplevel [9ms]
2024-11-06 15:29:38.451 [info] [Model][doInitialScan] Initial repository scan completed - repositories (0), closed repositories (0), parent repositories (1), unsafe repositories (0)
2024-11-06 15:45:10.474 [info] > git rev-parse --show-toplevel [21ms]
2024-11-06 15:47:43.861 [info] > git rev-parse --show-toplevel [2ms]
2024-11-06 15:47:57.497 [info] > git rev-parse --show-toplevel [2ms]
2024-11-06 15:52:06.743 [info] > git rev-parse --show-toplevel [1ms]
2024-11-06 15:52:18.765 [info] > git rev-parse --show-toplevel [146ms]
2024-11-06 16:03:17.828 [info] > git rev-parse --show-toplevel [5ms]
2024-11-06 16:03:33.143 [info] > git rev-parse --show-toplevel [3ms]
2024-11-06 16:03:40.972 [info] > git rev-parse --show-toplevel [1ms]
2024-11-06 16:04:23.406 [info] > git rev-parse --show-toplevel [2ms]
2024-11-06 16:04:24.769 [info] > git rev-parse --show-toplevel [3ms]
2024-11-06 16:04:48.408 [info] > git rev-parse --show-toplevel [13ms]
2024-11-06 16:04:50.608 [info] > git rev-parse --show-toplevel [2ms]
2024-11-06 16:06:05.228 [info] > git rev-parse --show-toplevel [3ms]
2024-11-06 16:06:09.709 [info] > git rev-parse --show-toplevel [2ms]
2024-11-06 16:07:24.527 [info] > git rev-parse --show-toplevel [5ms]
2024-11-06 16:07:32.224 [info] > git rev-parse --show-toplevel [3ms]
2024-11-06 16:09:12.496 [info] > git rev-parse --show-toplevel [2ms]
2024-11-06 16:09:16.015 [info] > git rev-parse --show-toplevel [1ms]
2024-11-06 16:13:47.131 [info] > git rev-parse --show-toplevel [7ms]
2024-11-06 16:13:52.550 [info] > git rev-parse --show-toplevel [8ms]
2024-11-06 16:17:17.109 [info] > git rev-parse --show-toplevel [5ms]
2024-11-06 16:17:24.768 [info] > git rev-parse --show-toplevel [3ms]
2024-11-06 16:17:26.295 [info] > git rev-parse --show-toplevel [4ms]
2024-11-06 16:17:26.729 [info] > git rev-parse --show-toplevel [1ms]
2024-11-06 16:17:33.409 [info] > git rev-parse --show-toplevel [4ms]
2024-11-06 16:17:34.156 [info] > git rev-parse --show-toplevel [3ms]
2024-11-06 16:17:34.583 [info] > git rev-parse --show-toplevel [1ms]
2024-11-06 16:17:35.297 [info] > git rev-parse --show-toplevel [1ms]
2024-11-06 16:17:40.700 [info] > git rev-parse --show-toplevel [5ms]
2024-11-06 16:17:41.457 [info] > git rev-parse --show-toplevel [2ms]
2024-11-06 16:17:42.536 [info] > git rev-parse --show-toplevel [2ms]
2024-11-06 16:17:43.043 [info] > git rev-parse --show-toplevel [4ms]
2024-11-06 16:17:44.443 [info] > git rev-parse --show-toplevel [6ms]
2024-11-06 16:17:55.168 [info] > git rev-parse --show-toplevel [2ms]
2024-11-06 16:17:57.371 [info] > git rev-parse --show-toplevel [1ms]
2024-11-06 16:18:44.349 [info] > git rev-parse --show-toplevel [2ms]
2024-11-06 16:18:46.629 [info] > git rev-parse --show-toplevel [2ms]
2024-11-06 16:18:50.584 [info] > git rev-parse --show-toplevel [2ms]
2024-11-06 16:18:51.443 [info] > git rev-parse --show-toplevel [5ms]
2024-11-06 16:21:04.606 [info] > git rev-parse --show-toplevel [2ms]
2024-11-06 16:21:08.543 [info] > git rev-parse --show-toplevel [2ms]
2024-11-06 16:21:12.131 [info] > git rev-parse --show-toplevel [3ms]
2024-11-06 16:23:34.251 [info] > git rev-parse --show-toplevel [2ms]
2024-11-06 16:23:42.143 [info] > git rev-parse --show-toplevel [3ms]
2024-11-06 16:26:06.789 [info] > git rev-parse --show-toplevel [5ms]
2024-11-06 16:26:11.211 [info] > git rev-parse --show-toplevel [2ms]
2024-11-06 16:26:14.124 [info] > git rev-parse --show-toplevel [2ms]
2024-11-06 16:48:59.404 [info] > git rev-parse --show-toplevel [4ms]
2024-11-06 16:49:07.487 [info] > git rev-parse --show-toplevel [2ms]
2024-11-06 16:50:34.437 [info] > git rev-parse --show-toplevel [5ms]
2024-11-06 16:54:27.140 [info] > git rev-parse --show-toplevel [4ms]
2024-11-06 16:54:39.342 [info] > git rev-parse --show-toplevel [3ms]
2024-11-06 16:54:40.352 [info] > git rev-parse --show-toplevel [5ms]
2024-11-06 16:54:40.358 [info] > git rev-parse --show-toplevel [0ms]
2024-11-06 16:54:40.362 [info] > git rev-parse --show-toplevel [0ms]
2024-11-06 16:55:41.314 [info] > git rev-parse --show-toplevel [2ms]
2024-11-06 16:55:41.333 [info] > git rev-parse --show-toplevel [5ms]
2024-11-06 16:55:41.340 [info] > git rev-parse --show-toplevel [1ms]
2024-11-06 16:55:44.439 [info] > git rev-parse --show-toplevel [2ms]
2024-11-06 16:55:44.449 [info] > git rev-parse --show-toplevel [1ms]
2024-11-06 16:55:44.453 [info] > git rev-parse --show-toplevel [1ms]
2024-11-06 16:55:44.457 [info] > git rev-parse --show-toplevel [1ms]
2024-11-06 16:55:47.873 [info] > git rev-parse --show-toplevel [2ms]
2024-11-06 16:55:47.881 [info] > git rev-parse --show-toplevel [1ms]
2024-11-06 16:55:47.885 [info] > git rev-parse --show-toplevel [0ms]
2024-11-06 16:55:51.165 [info] > git rev-parse --show-toplevel [4ms]
2024-11-06 16:55:51.172 [info] > git rev-parse --show-toplevel [1ms]
2024-11-06 16:55:55.761 [info] > git rev-parse --show-toplevel [3ms]
2024-11-06 16:56:01.234 [info] > git rev-parse --show-toplevel [1ms]
2024-11-06 16:56:02.392 [info] > git rev-parse --show-toplevel [2ms]
2024-11-06 16:56:44.461 [info] > git rev-parse --show-toplevel [3ms]
2024-11-06 17:21:10.419 [info] > git rev-parse --show-toplevel [2ms]
2024-11-06 17:21:11.068 [info] > git rev-parse --show-toplevel [8ms]
2024-11-06 17:21:23.001 [info] > git rev-parse --show-toplevel [1ms]
2024-11-06 17:21:24.569 [info] > git rev-parse --show-toplevel [1ms]
2024-11-06 17:21:25.725 [info] > git rev-parse --show-toplevel [5ms]
2024-11-06 17:21:27.037 [info] > git rev-parse --show-toplevel [1ms]
