2024-11-05 02:28:32.733 [info] [main] Log level: Info
2024-11-05 02:28:32.739 [info] [main] Validating found git in: "git"
2024-11-05 02:28:32.739 [info] [main] Using git "2.43.0" from "git"
2024-11-05 02:28:32.739 [info] [Model][doInitialScan] Initial repository scan started
2024-11-05 02:28:32.739 [info] > git rev-parse --show-toplevel [667ms]
2024-11-05 02:28:32.739 [info] > git rev-parse --show-toplevel [171ms]
2024-11-05 02:28:32.766 [info] > git rev-parse --show-toplevel [4ms]
2024-11-05 02:28:32.796 [info] [Model][doInitialScan] Initial repository scan completed - repositories (0), closed repositories (0), parent repositories (1), unsafe repositories (0)
2024-11-05 02:28:55.892 [info] > git rev-parse --show-toplevel [2ms]
2024-11-05 02:29:01.543 [info] > git rev-parse --show-toplevel [6ms]
2024-11-05 02:29:09.320 [info] > git rev-parse --show-toplevel [4ms]
2024-11-05 02:30:30.072 [info] > git rev-parse --show-toplevel [8ms]
2024-11-05 02:30:33.469 [info] > git rev-parse --show-toplevel [4ms]
2024-11-05 02:31:41.096 [info] > git rev-parse --show-toplevel [14ms]
2024-11-05 02:33:07.495 [info] > git rev-parse --show-toplevel [4ms]
2024-11-05 02:38:17.242 [info] > git rev-parse --show-toplevel [15ms]
2024-11-05 02:38:24.408 [info] > git rev-parse --show-toplevel [3ms]
2024-11-05 02:38:25.279 [info] > git rev-parse --show-toplevel [2ms]
2024-11-05 02:38:29.176 [info] > git rev-parse --show-toplevel [2ms]
2024-11-05 02:38:31.712 [info] > git rev-parse --show-toplevel [3ms]
2024-11-05 02:38:36.256 [info] > git rev-parse --show-toplevel [3ms]
2024-11-05 02:38:39.105 [info] > git rev-parse --show-toplevel [4ms]
2024-11-05 02:38:43.104 [info] > git rev-parse --show-toplevel [2ms]
2024-11-05 02:38:47.849 [info] > git rev-parse --show-toplevel [3ms]
2024-11-05 02:38:48.602 [info] > git rev-parse --show-toplevel [1ms]
2024-11-05 02:38:49.433 [info] > git rev-parse --show-toplevel [2ms]
2024-11-05 02:38:53.474 [info] > git rev-parse --show-toplevel [2ms]
2024-11-05 02:38:55.080 [info] > git rev-parse --show-toplevel [1ms]
2024-11-05 02:38:58.124 [info] > git rev-parse --show-toplevel [7ms]
2024-11-05 02:38:59.999 [info] > git rev-parse --show-toplevel [3ms]
2024-11-05 02:39:00.472 [info] > git rev-parse --show-toplevel [2ms]
2024-11-05 02:39:02.132 [info] > git rev-parse --show-toplevel [2ms]
2024-11-05 02:39:09.705 [info] > git rev-parse --show-toplevel [2ms]
2024-11-05 02:39:11.829 [info] > git rev-parse --show-toplevel [3ms]
2024-11-05 02:39:14.193 [info] > git rev-parse --show-toplevel [1ms]
2024-11-05 02:39:15.451 [info] > git rev-parse --show-toplevel [5ms]
2024-11-05 02:39:17.302 [info] > git rev-parse --show-toplevel [1ms]
2024-11-05 02:39:18.660 [info] > git rev-parse --show-toplevel [2ms]
2024-11-05 02:39:21.413 [info] > git rev-parse --show-toplevel [1ms]
2024-11-05 02:39:23.700 [info] > git rev-parse --show-toplevel [2ms]
2024-11-05 02:39:25.351 [info] > git rev-parse --show-toplevel [8ms]
2024-11-05 02:39:27.324 [info] > git rev-parse --show-toplevel [3ms]
2024-11-05 02:39:28.783 [info] > git rev-parse --show-toplevel [2ms]
2024-11-05 02:39:30.138 [info] > git rev-parse --show-toplevel [1ms]
2024-11-05 02:39:31.277 [info] > git rev-parse --show-toplevel [7ms]
2024-11-05 02:39:32.183 [info] > git rev-parse --show-toplevel [3ms]
2024-11-05 02:39:34.176 [info] > git rev-parse --show-toplevel [2ms]
2024-11-05 02:39:35.407 [info] > git rev-parse --show-toplevel [4ms]
2024-11-05 02:39:40.932 [info] > git rev-parse --show-toplevel [21ms]
2024-11-05 03:05:44.431 [info] > git rev-parse --show-toplevel [20ms]
2024-11-05 03:05:45.214 [info] > git rev-parse --show-toplevel [3ms]
2024-11-05 03:05:46.168 [info] > git rev-parse --show-toplevel [1ms]
2024-11-05 03:05:47.703 [info] > git rev-parse --show-toplevel [1ms]
2024-11-05 03:05:48.646 [info] > git rev-parse --show-toplevel [2ms]
2024-11-05 03:05:50.583 [info] > git rev-parse --show-toplevel [3ms]
2024-11-05 03:05:51.285 [info] > git rev-parse --show-toplevel [2ms]
2024-11-05 03:05:52.824 [info] > git rev-parse --show-toplevel [1ms]
2024-11-05 03:28:17.382 [info] > git rev-parse --show-toplevel [27ms]
2024-11-05 03:28:37.403 [info] > git rev-parse --show-toplevel [4ms]
2024-11-05 03:28:47.119 [info] > git rev-parse --show-toplevel [16ms]
2024-11-05 04:10:49.352 [info] > git rev-parse --show-toplevel [25ms]
2024-11-05 04:12:16.946 [info] > git rev-parse --show-toplevel [6ms]
2024-11-05 04:12:18.890 [info] > git rev-parse --show-toplevel [2ms]
2024-11-05 04:12:20.733 [info] > git rev-parse --show-toplevel [14ms]
2024-11-05 04:12:32.267 [info] > git rev-parse --show-toplevel [4ms]
2024-11-05 04:13:21.746 [info] > git rev-parse --show-toplevel [2ms]
2024-11-05 04:13:23.817 [info] > git rev-parse --show-toplevel [7ms]
2024-11-05 04:13:25.273 [info] > git rev-parse --show-toplevel [4ms]
2024-11-05 04:13:28.382 [info] > git rev-parse --show-toplevel [5ms]
2024-11-05 04:13:29.197 [info] > git rev-parse --show-toplevel [1ms]
2024-11-05 04:13:30.345 [info] > git rev-parse --show-toplevel [4ms]
2024-11-05 04:33:40.159 [info] > git rev-parse --show-toplevel [17ms]
2024-11-05 05:16:55.637 [info] > git rev-parse --show-toplevel [14ms]
2024-11-05 05:17:00.172 [info] > git rev-parse --show-toplevel [2ms]
2024-11-05 05:17:02.400 [info] > git rev-parse --show-toplevel [3ms]
2024-11-05 05:17:23.743 [info] > git rev-parse --show-toplevel [4ms]
2024-11-05 05:17:28.755 [info] > git rev-parse --show-toplevel [1ms]
2024-11-05 05:17:39.957 [info] > git rev-parse --show-toplevel [2ms]
2024-11-05 05:39:33.187 [info] > git rev-parse --show-toplevel [17ms]
2024-11-05 05:39:34.584 [info] > git rev-parse --show-toplevel [4ms]
2024-11-05 05:39:39.495 [info] > git rev-parse --show-toplevel [4ms]
