2024-11-03 06:27:31.458 [info] [main] Log level: Info
2024-11-03 06:27:31.458 [info] [main] Validating found git in: "git"
2024-11-03 06:27:31.458 [info] [main] Using git "2.43.0" from "git"
2024-11-03 06:27:31.458 [info] [Model][doInitialScan] Initial repository scan started
2024-11-03 06:27:31.458 [info] > git rev-parse --show-toplevel [126ms]
2024-11-03 06:27:31.458 [info] > git rev-parse --show-toplevel [15ms]
2024-11-03 06:27:31.474 [info] > git rev-parse --show-toplevel [1ms]
2024-11-03 06:27:31.489 [info] > git rev-parse --show-toplevel [1ms]
2024-11-03 06:27:31.507 [info] [Model][doInitialScan] Initial repository scan completed - repositories (0), closed repositories (0), parent repositories (1), unsafe repositories (0)
2024-11-03 06:27:31.515 [info] > git rev-parse --show-toplevel [3ms]
2024-11-03 06:27:31.822 [info] > git rev-parse --show-toplevel [2ms]
2024-11-03 06:27:31.866 [info] > git rev-parse --show-toplevel [1ms]
2024-11-03 06:27:35.542 [info] > git rev-parse --show-toplevel [6ms]
2024-11-03 06:27:37.177 [info] > git rev-parse --show-toplevel [1ms]
2024-11-03 06:27:38.763 [info] > git rev-parse --show-toplevel [3ms]
2024-11-03 06:27:41.199 [info] > git rev-parse --show-toplevel [1ms]
2024-11-03 06:27:44.533 [info] > git rev-parse --show-toplevel [2ms]
2024-11-03 06:27:47.261 [info] > git rev-parse --show-toplevel [4ms]
2024-11-03 06:27:49.889 [info] > git rev-parse --show-toplevel [2ms]
2024-11-03 06:28:22.007 [info] > git rev-parse --show-toplevel [8ms]
2024-11-03 06:28:49.719 [info] > git rev-parse --show-toplevel [5ms]
2024-11-03 06:28:58.805 [info] > git rev-parse --show-toplevel [6ms]
2024-11-03 06:28:59.599 [info] > git rev-parse --show-toplevel [5ms]
2024-11-03 06:29:12.876 [info] > git rev-parse --show-toplevel [2ms]
2024-11-03 06:29:16.339 [info] > git rev-parse --show-toplevel [1ms]
2024-11-03 06:29:18.033 [info] > git rev-parse --show-toplevel [3ms]
2024-11-03 06:29:20.091 [info] > git rev-parse --show-toplevel [5ms]
2024-11-03 06:29:20.737 [info] > git rev-parse --show-toplevel [3ms]
2024-11-03 06:29:21.959 [info] > git rev-parse --show-toplevel [2ms]
2024-11-03 06:29:28.422 [info] > git rev-parse --show-toplevel [2ms]
2024-11-03 06:37:32.096 [info] > git rev-parse --show-toplevel [47ms]
2024-11-03 09:32:46.748 [info] > git rev-parse --show-toplevel [20ms]
2024-11-03 09:34:45.113 [info] > git rev-parse --show-toplevel [7ms]
2024-11-03 09:34:46.939 [info] > git rev-parse --show-toplevel [7ms]
2024-11-03 09:34:57.659 [info] > git rev-parse --show-toplevel [8ms]
2024-11-03 09:35:27.165 [info] > git rev-parse --show-toplevel [3ms]
2024-11-03 09:35:29.826 [info] > git rev-parse --show-toplevel [1ms]
2024-11-03 09:36:51.437 [info] > git rev-parse --show-toplevel [4ms]
