2024-11-01 02:57:21.418 [info] [main] Log level: Info
2024-11-01 02:57:21.418 [info] [main] Validating found git in: "git"
2024-11-01 02:57:21.418 [info] [main] Using git "2.43.0" from "git"
2024-11-01 02:57:21.418 [info] [Model][doInitialScan] Initial repository scan started
2024-11-01 02:57:21.418 [info] > git rev-parse --show-toplevel [4ms]
2024-11-01 02:57:21.418 [info] > git rev-parse --git-dir --git-common-dir [11ms]
2024-11-01 02:57:21.418 [info] [Model][openRepository] Opened repository: /home/naasir
2024-11-01 02:57:21.421 [info] > git config --get commit.template [7ms]
2024-11-01 02:57:21.431 [info] > git for-each-ref --format=%(refname)%00%(upstream:short)%00%(objectname)%00%(upstream:track)%00%(upstream:remotename)%00%(upstream:remoteref) refs/heads/master refs/remotes/master [3ms]
2024-11-01 02:57:21.485 [info] > git for-each-ref --sort -committerdate --format %(refname) %(objectname) %(*objectname) [40ms]
2024-11-01 02:57:21.543 [info] > git rev-parse --show-toplevel [7ms]
2024-11-01 02:57:21.550 [info] > git rev-parse --show-toplevel [2ms]
2024-11-01 02:57:21.557 [info] > git rev-parse --show-toplevel [1ms]
2024-11-01 02:57:21.562 [info] > git rev-parse --show-toplevel [2ms]
2024-11-01 02:57:21.568 [info] > git rev-parse --show-toplevel [2ms]
2024-11-01 02:57:21.572 [info] > git rev-parse --show-toplevel [1ms]
2024-11-01 02:57:21.577 [info] > git rev-parse --show-toplevel [2ms]
2024-11-01 02:57:21.581 [info] > git rev-parse --git-dir --git-common-dir [1ms]
2024-11-01 02:57:21.588 [info] [Model][openRepository] Opened repository: /home/naasir/.nvm
2024-11-01 02:57:21.599 [info] > git rev-parse --show-toplevel [2ms]
2024-11-01 02:57:21.600 [info] > git config --get commit.template [6ms]
2024-11-01 02:57:21.610 [info] > git rev-parse --show-toplevel [7ms]
2024-11-01 02:57:21.623 [info] > git for-each-ref --format %(refname) %(objectname) %(*objectname) refs/tags [16ms]
2024-11-01 02:57:21.634 [info] > git rev-parse --show-toplevel [19ms]
2024-11-01 02:57:21.639 [info] > git for-each-ref --sort -committerdate --format %(refname) %(objectname) %(*objectname) [6ms]
2024-11-01 02:57:21.641 [info] > git rev-parse --git-dir --git-common-dir [3ms]
2024-11-01 02:57:21.648 [info] [Model][openRepository] Opened repository: /home/naasir/CFI-C24-Classwork
2024-11-01 02:57:21.658 [info] > git rev-parse --show-toplevel [1ms]
2024-11-01 02:57:21.659 [info] > git config --get commit.template [5ms]
2024-11-01 02:57:21.673 [info] > git rev-parse --git-dir --git-common-dir [9ms]
2024-11-01 02:57:21.689 [info] [Model][openRepository] Opened repository: /home/naasir/Naasir-LAB1
2024-11-01 02:57:21.706 [info] > git status -z -uall [76ms]
2024-11-01 02:57:21.706 [info] > git for-each-ref --format=%(refname)%00%(upstream:short)%00%(objectname)%00%(upstream:track)%00%(upstream:remotename)%00%(upstream:remoteref) refs/heads/main refs/remotes/main [38ms]
2024-11-01 02:57:21.708 [info] > git rev-parse --show-toplevel [3ms]
2024-11-01 02:57:21.708 [info] > git config --get commit.template [6ms]
2024-11-01 02:57:21.765 [info] > git config --get commit.template [11ms]
2024-11-01 02:57:21.765 [info] > git rev-parse --show-toplevel [15ms]
2024-11-01 02:57:21.779 [info] > git for-each-ref --format=%(refname)%00%(upstream:short)%00%(objectname)%00%(upstream:track)%00%(upstream:remotename)%00%(upstream:remoteref) refs/heads/main refs/remotes/main [17ms]
2024-11-01 02:57:21.786 [info] > git status -z -uall [16ms]
2024-11-01 02:57:21.786 [info] > git rev-parse --git-dir --git-common-dir [8ms]
2024-11-01 02:57:21.792 [info] [Model][openRepository] Opened repository: /home/naasir/coding
2024-11-01 02:57:21.793 [info] > git for-each-ref --sort -committerdate --format %(refname) %(objectname) %(*objectname) [19ms]
2024-11-01 02:57:21.815 [info] > git for-each-ref --format=%(refname)%00%(upstream:short)%00%(objectname)%00%(upstream:track)%00%(upstream:remotename)%00%(upstream:remoteref) refs/heads/main refs/remotes/main [15ms]
2024-11-01 02:57:21.819 [info] > git for-each-ref --format %(refname) %(objectname) %(*objectname) refs/tags [36ms]
2024-11-01 02:57:21.835 [info] > git status -z -uall [12ms]
2024-11-01 02:57:21.836 [info] > git config --local branch.main.vscode-merge-base [17ms]
2024-11-01 02:57:21.836 [warning] [Git][config] git config failed: Failed to execute git
2024-11-01 02:57:21.841 [info] > git config --get commit.template [27ms]
2024-11-01 02:57:21.842 [info] > git rev-parse --show-toplevel [32ms]
2024-11-01 02:57:21.842 [info] > git config --get commit.template [35ms]
2024-11-01 02:57:21.862 [info] > git for-each-ref --sort -committerdate --format %(refname) %(objectname) %(*objectname) [35ms]
2024-11-01 02:57:21.882 [info] > git status -z -uall [35ms]
2024-11-01 02:57:21.882 [info] > git rev-parse --show-toplevel [23ms]
2024-11-01 02:57:21.883 [info] > git for-each-ref --sort -committerdate --format %(refname) %(objectname) %(*objectname) [28ms]
2024-11-01 02:57:21.894 [info] > git reflog main --grep-reflog=branch: Created from *. [54ms]
2024-11-01 02:57:21.917 [info] > git symbolic-ref --short refs/remotes/origin/HEAD [19ms]
2024-11-01 02:57:21.926 [info] > git for-each-ref --format=%(refname)%00%(upstream:short)%00%(objectname)%00%(upstream:track)%00%(upstream:remotename)%00%(upstream:remoteref) refs/heads/main refs/remotes/main [34ms]
2024-11-01 02:57:21.934 [info] > git for-each-ref --format=%(refname)%00%(upstream:short)%00%(objectname)%00%(upstream:track)%00%(upstream:remotename)%00%(upstream:remoteref) refs/heads/main refs/remotes/main [55ms]
2024-11-01 02:57:21.935 [info] > git for-each-ref --format=%(refname)%00%(upstream:short)%00%(objectname)%00%(upstream:track)%00%(upstream:remotename)%00%(upstream:remoteref) refs/heads/master refs/remotes/master [64ms]
2024-11-01 02:57:21.949 [info] > git status -z -uall [9ms]
2024-11-01 02:57:21.950 [info] > git config --local branch.main.vscode-merge-base [16ms]
2024-11-01 02:57:21.954 [info] > git for-each-ref --format=%(refname)%00%(upstream:short)%00%(objectname)%00%(upstream:track)%00%(upstream:remotename)%00%(upstream:remoteref) refs/heads/origin/main refs/remotes/origin/main [29ms]
2024-11-01 02:57:21.958 [info] > git config --get commit.template [46ms]
2024-11-01 02:57:21.959 [info] > git rev-parse --show-toplevel [55ms]
2024-11-01 02:57:21.973 [info] > git for-each-ref --format=%(refname)%00%(upstream:short)%00%(objectname)%00%(upstream:track)%00%(upstream:remotename)%00%(upstream:remoteref) refs/heads/origin/main refs/remotes/origin/main [20ms]
2024-11-01 02:57:21.980 [info] > git for-each-ref --sort -committerdate --format %(refname) %(objectname) %(*objectname) [34ms]
2024-11-01 02:57:22.005 [info] > git for-each-ref --format=%(refname)%00%(upstream:short)%00%(objectname)%00%(upstream:track)%00%(upstream:remotename)%00%(upstream:remoteref) refs/heads/master refs/remotes/master [21ms]
2024-11-01 02:57:22.009 [info] > git merge-base refs/heads/main refs/remotes/origin/main [29ms]
2024-11-01 02:57:22.013 [info] > git rev-parse --git-dir --git-common-dir [46ms]
2024-11-01 02:57:22.025 [info] [Model][openRepository] Opened repository: /home/naasir/firstRepo
2024-11-01 02:57:22.026 [info] > git config --local branch.main.vscode-merge-base origin/main [68ms]
2024-11-01 02:57:22.055 [info] > git diff --name-status -z --diff-filter=ADMR ca29c11f8c5dbe12504ca49cbfab9bcff8c6df7a...refs/remotes/origin/main [42ms]
2024-11-01 02:57:22.056 [info] > git config --local branch.master.vscode-merge-base [48ms]
2024-11-01 02:57:22.057 [warning] [Git][config] git config failed: Failed to execute git
2024-11-01 02:57:22.064 [info] > git config --get commit.template [67ms]
2024-11-01 02:57:22.064 [info] > git for-each-ref --format=%(refname)%00%(upstream:short)%00%(objectname)%00%(upstream:track)%00%(upstream:remotename)%00%(upstream:remoteref) refs/heads/main refs/remotes/main [73ms]
2024-11-01 02:57:22.073 [info] > git status -z -uall [636ms]
2024-11-01 02:57:22.073 [info] > git reflog master --grep-reflog=branch: Created from *. [11ms]
2024-11-01 02:57:22.075 [info] > git config --get commit.template [24ms]
2024-11-01 02:57:22.076 [info] > git rev-parse --show-toplevel [27ms]
2024-11-01 02:57:22.076 [info] > git config --get commit.template [33ms]
2024-11-01 02:57:22.076 [info] > git for-each-ref --format=%(refname)%00%(upstream:short)%00%(objectname)%00%(upstream:track)%00%(upstream:remotename)%00%(upstream:remoteref) refs/heads/main refs/remotes/main [44ms]
2024-11-01 02:57:22.091 [info] > git symbolic-ref --short refs/remotes/origin/HEAD [16ms]
2024-11-01 02:57:22.091 [info] fatal: ref refs/remotes/origin/HEAD is not a symbolic ref
2024-11-01 02:57:22.091 [warning] [Repository][getDefaultBranch] Failed to get default branch details: Failed to execute git.
2024-11-01 02:57:22.275 [info] > git for-each-ref --format=%(refname)%00%(upstream:short)%00%(objectname)%00%(upstream:track)%00%(upstream:remotename)%00%(upstream:remoteref) refs/heads/master refs/remotes/master [30ms]
2024-11-01 02:57:22.280 [info] > git rev-parse --git-dir --git-common-dir [195ms]
2024-11-01 02:57:22.284 [info] [Model][openRepository] Opened repository: /home/naasir/javascript-practice
2024-11-01 02:57:22.285 [info] > git for-each-ref --format=%(refname)%00%(upstream:short)%00%(objectname)%00%(upstream:track)%00%(upstream:remotename)%00%(upstream:remoteref) refs/heads/master refs/remotes/master [202ms]
2024-11-01 02:57:22.290 [info] > git config --local branch.main.vscode-merge-base [210ms]
2024-11-01 02:57:23.304 [info] > git status -z -uall [1017ms]
2024-11-01 02:57:23.305 [info] > git status -z -uall [26ms]
2024-11-01 02:57:23.305 [info] > git for-each-ref --format=%(refname)%00%(upstream:short)%00%(objectname)%00%(upstream:track)%00%(upstream:remotename)%00%(upstream:remoteref) refs/heads/origin/main refs/remotes/origin/main [1012ms]
2024-11-01 02:57:23.312 [info] > git for-each-ref --sort -committerdate --format %(refname) %(objectname) %(*objectname) [1022ms]
2024-11-01 02:57:23.315 [info] > git config --local branch.master.vscode-merge-base [1035ms]
2024-11-01 02:57:23.315 [warning] [Git][config] git config failed: Failed to execute git
2024-11-01 02:57:23.328 [info] > git config --get commit.template [1058ms]
2024-11-01 02:57:23.329 [info] > git for-each-ref --format=%(refname)%00%(upstream:short)%00%(objectname)%00%(upstream:track)%00%(upstream:remotename)%00%(upstream:remoteref) refs/heads/main refs/remotes/main [1070ms]
2024-11-01 02:57:23.330 [info] > git for-each-ref --format=%(refname)%00%(upstream:short)%00%(objectname)%00%(upstream:track)%00%(upstream:remotename)%00%(upstream:remoteref) refs/heads/main refs/remotes/main [1075ms]
2024-11-01 02:57:23.388 [info] > git reflog master --grep-reflog=branch: Created from *. [68ms]
2024-11-01 02:57:23.399 [info] > git merge-base refs/heads/main refs/remotes/origin/main [88ms]
2024-11-01 02:57:23.405 [info] > git rev-parse --show-toplevel [114ms]
2024-11-01 02:57:23.406 [info] > git config --get commit.template [119ms]
2024-11-01 02:57:23.407 [info] > git for-each-ref --sort -committerdate --format %(refname) %(objectname) %(*objectname) [122ms]
2024-11-01 02:57:23.429 [info] > git diff --name-status -z --diff-filter=ADMR 7cca8c00aa23a2cdd78407625d551ed8229e7874...refs/remotes/origin/main [25ms]
2024-11-01 02:57:23.430 [info] > git symbolic-ref --short refs/remotes/origin/HEAD [31ms]
2024-11-01 02:57:23.430 [info] fatal: ref refs/remotes/origin/HEAD is not a symbolic ref
2024-11-01 02:57:23.430 [warning] [Repository][getDefaultBranch] Failed to get default branch details: Failed to execute git.
2024-11-01 02:57:23.442 [info] > git rev-parse --git-dir --git-common-dir [14ms]
2024-11-01 02:57:23.450 [info] [Model][openRepository] Opened repository: /home/naasir/learn-github
2024-11-01 02:57:23.452 [info] > git for-each-ref --format=%(refname)%00%(upstream:short)%00%(objectname)%00%(upstream:track)%00%(upstream:remotename)%00%(upstream:remoteref) refs/heads/master refs/remotes/master [31ms]
2024-11-01 02:57:23.509 [info] > git status -z -uall [37ms]
2024-11-01 02:57:23.509 [info] > git status -z -uall [22ms]
2024-11-01 02:57:23.510 [info] > git for-each-ref --format=%(refname)%00%(upstream:short)%00%(objectname)%00%(upstream:track)%00%(upstream:remotename)%00%(upstream:remoteref) refs/heads/main refs/remotes/main [73ms]
2024-11-01 02:57:23.512 [info] > git rev-parse --show-toplevel [11ms]
2024-11-01 02:57:23.513 [info] > git config --get commit.template [16ms]
2024-11-01 02:57:23.513 [info] > git for-each-ref --sort -committerdate --format %(refname) %(objectname) %(*objectname) [21ms]
2024-11-01 02:57:23.528 [info] > git for-each-ref --sort -committerdate --format %(refname) %(objectname) %(*objectname) [52ms]
2024-11-01 02:57:23.532 [info] > git for-each-ref --sort -committerdate --format %(refname) %(objectname) %(*objectname) [65ms]
2024-11-01 02:57:23.549 [info] > git for-each-ref --format=%(refname)%00%(upstream:short)%00%(objectname)%00%(upstream:track)%00%(upstream:remotename)%00%(upstream:remoteref) refs/heads/main refs/remotes/main [28ms]
2024-11-01 02:57:23.574 [info] > git config --local branch.main.vscode-merge-base [16ms]
2024-11-01 02:57:23.580 [info] > git config --get commit.template [32ms]
2024-11-01 02:57:23.580 [info] > git rev-parse --git-dir --git-common-dir [44ms]
2024-11-01 02:57:23.596 [info] [Model][openRepository] Opened repository: /home/naasir/naasir-cfi
2024-11-01 02:57:23.624 [info] > git status -z -uall [23ms]
2024-11-01 02:57:23.624 [info] > git for-each-ref --format=%(refname)%00%(upstream:short)%00%(objectname)%00%(upstream:track)%00%(upstream:remotename)%00%(upstream:remoteref) refs/heads/origin/main refs/remotes/origin/main [45ms]
2024-11-01 02:57:23.639 [info] > git for-each-ref --format=%(refname)%00%(upstream:short)%00%(objectname)%00%(upstream:track)%00%(upstream:remotename)%00%(upstream:remoteref) refs/heads/main refs/remotes/main [66ms]
2024-11-01 02:57:23.647 [info] > git merge-base refs/heads/main refs/remotes/origin/main [9ms]
2024-11-01 02:57:23.659 [info] > git rev-parse --show-toplevel [37ms]
2024-11-01 02:57:23.660 [info] > git config --get commit.template [43ms]
2024-11-01 02:57:23.661 [info] > git for-each-ref --sort -committerdate --format %(refname) %(objectname) %(*objectname) [55ms]
2024-11-01 02:57:23.684 [info] > git for-each-ref --format=%(refname)%00%(upstream:short)%00%(objectname)%00%(upstream:track)%00%(upstream:remotename)%00%(upstream:remoteref) refs/heads/main refs/remotes/main [16ms]
2024-11-01 02:57:23.690 [info] > git diff --name-status -z --diff-filter=ADMR 67774365168239023d26a8efd72e76da0e20da2e...refs/remotes/origin/main [34ms]
2024-11-01 02:57:23.691 [info] > git for-each-ref --format=%(refname)%00%(upstream:short)%00%(objectname)%00%(upstream:track)%00%(upstream:remotename)%00%(upstream:remoteref) refs/heads/main refs/remotes/main [46ms]
2024-11-01 02:57:23.698 [info] > git status -z -uall [242ms]
2024-11-01 02:57:23.699 [info] > git config --local branch.main.vscode-merge-base [9ms]
2024-11-01 02:57:23.705 [info] > git config --get commit.template [22ms]
2024-11-01 02:57:23.705 [info] > git rev-parse --show-toplevel [25ms]
2024-11-01 02:57:23.724 [info] > git status -z -uall [12ms]
2024-11-01 02:57:23.724 [info] > git for-each-ref --format=%(refname)%00%(upstream:short)%00%(objectname)%00%(upstream:track)%00%(upstream:remotename)%00%(upstream:remoteref) refs/heads/origin/main refs/remotes/origin/main [20ms]
2024-11-01 02:57:23.730 [info] > git for-each-ref --format=%(refname)%00%(upstream:short)%00%(objectname)%00%(upstream:track)%00%(upstream:remotename)%00%(upstream:remoteref) refs/heads/master refs/remotes/master [35ms]
2024-11-01 02:57:23.872 [info] > git check-ignore -v -z --stdin [39ms]
2024-11-01 02:57:23.874 [info] > git check-ignore -v -z --stdin [38ms]
2024-11-01 02:57:23.875 [info] > git check-ignore -v -z --stdin [35ms]
2024-11-01 02:57:23.875 [info] > git check-ignore -v -z --stdin [28ms]
2024-11-01 02:57:23.875 [info] > git check-ignore -v -z --stdin [26ms]
2024-11-01 02:57:23.875 [info] > git check-ignore -v -z --stdin [24ms]
2024-11-01 02:57:23.875 [info] > git check-ignore -v -z --stdin [22ms]
2024-11-01 02:57:23.876 [info] > git merge-base refs/heads/main refs/remotes/origin/main [147ms]
2024-11-01 02:57:23.878 [info] > git rev-parse --show-toplevel [157ms]
2024-11-01 02:57:23.878 [info] > git for-each-ref --sort -committerdate --format %(refname) %(objectname) %(*objectname) [162ms]
2024-11-01 02:57:24.685 [info] > git status -z -uall [16ms]
2024-11-01 02:57:24.685 [info] > git for-each-ref --format=%(refname)%00%(upstream:short)%00%(objectname)%00%(upstream:track)%00%(upstream:remotename)%00%(upstream:remoteref) refs/heads/main refs/remotes/main [802ms]
2024-11-01 02:57:24.687 [info] > git diff --name-status -z --diff-filter=ADMR 6c230b7bce8c9612c0fc1327dfab98d0c9e6ce92...refs/remotes/origin/main [809ms]
2024-11-01 02:57:24.689 [info] > git for-each-ref --format=%(refname)%00%(upstream:short)%00%(objectname)%00%(upstream:track)%00%(upstream:remotename)%00%(upstream:remoteref) refs/heads/main refs/remotes/main [833ms]
2024-11-01 02:57:24.861 [info] > git check-ignore -v -z --stdin [168ms]
2024-11-01 02:57:24.862 [info] > git check-ignore -v -z --stdin [161ms]
2024-11-01 02:57:24.863 [info] > git check-ignore -v -z --stdin [158ms]
2024-11-01 02:57:24.863 [info] > git check-ignore -v -z --stdin [153ms]
2024-11-01 02:57:24.864 [info] > git check-ignore -v -z --stdin [150ms]
2024-11-01 02:57:24.864 [info] > git check-ignore -v -z --stdin [142ms]
2024-11-01 02:57:24.864 [info] > git check-ignore -v -z --stdin [38ms]
2024-11-01 02:57:24.865 [info] > git check-ignore -v -z --stdin [34ms]
2024-11-01 02:57:24.865 [info] > git check-ignore -v -z --stdin [29ms]
2024-11-01 02:57:24.866 [info] > git config --local branch.main.vscode-merge-base [179ms]
2024-11-01 02:57:24.878 [info] > git config --get commit.template [196ms]
2024-11-01 02:57:24.878 [info] > git rev-parse --show-toplevel [201ms]
2024-11-01 02:57:24.879 [info] > git for-each-ref --sort -committerdate --format %(refname) %(objectname) %(*objectname) [206ms]
2024-11-01 02:57:24.901 [info] > git status -z -uall [12ms]
2024-11-01 02:57:24.901 [info] > git for-each-ref --format=%(refname)%00%(upstream:short)%00%(objectname)%00%(upstream:track)%00%(upstream:remotename)%00%(upstream:remoteref) refs/heads/origin/main refs/remotes/origin/main [32ms]
2024-11-01 02:57:24.917 [info] > git rev-parse --git-dir --git-common-dir [18ms]
2024-11-01 02:57:24.924 [info] [Model][openRepository] Opened repository: /home/naasir/public-repo
2024-11-01 02:57:24.925 [info] > git for-each-ref --sort -committerdate --format %(refname) %(objectname) %(*objectname) [32ms]
2024-11-01 02:57:24.971 [info] > git merge-base refs/heads/main refs/remotes/origin/main [65ms]
2024-11-01 02:57:24.980 [info] > git status -z -uall [31ms]
2024-11-01 02:57:24.980 [info] > git for-each-ref --format=%(refname)%00%(upstream:short)%00%(objectname)%00%(upstream:track)%00%(upstream:remotename)%00%(upstream:remoteref) refs/heads/master refs/remotes/master [41ms]
2024-11-01 02:57:24.985 [info] > git for-each-ref --format=%(refname)%00%(upstream:short)%00%(objectname)%00%(upstream:track)%00%(upstream:remotename)%00%(upstream:remoteref) refs/heads/main refs/remotes/main [71ms]
2024-11-01 02:57:25.000 [info] > git config --local branch.master.vscode-merge-base [15ms]
2024-11-01 02:57:25.005 [info] > git diff --name-status -z --diff-filter=ADMR d4429a06ac7d3a49f72bc7a84de349cb50ae705c...refs/remotes/origin/main [26ms]
2024-11-01 02:57:25.006 [info] > git config --get commit.template [36ms]
2024-11-01 02:57:25.007 [info] > git rev-parse --show-toplevel [43ms]
2024-11-01 02:57:25.007 [info] > git config --get commit.template [47ms]
2024-11-01 02:57:25.007 [info] > git for-each-ref --sort -committerdate --format %(refname) %(objectname) %(*objectname) [52ms]
2024-11-01 02:57:25.022 [info] > git for-each-ref --format=%(refname)%00%(upstream:short)%00%(objectname)%00%(upstream:track)%00%(upstream:remotename)%00%(upstream:remoteref) refs/heads/origin/master refs/remotes/origin/master [17ms]
2024-11-01 02:57:25.045 [info] > git merge-base refs/heads/master refs/remotes/origin/master [17ms]
2024-11-01 02:57:25.050 [info] > git rev-parse --show-toplevel [29ms]
2024-11-01 02:57:25.066 [info] > git for-each-ref --format=%(refname)%00%(upstream:short)%00%(objectname)%00%(upstream:track)%00%(upstream:remotename)%00%(upstream:remoteref) refs/heads/master refs/remotes/master [23ms]
2024-11-01 02:57:25.066 [info] > git for-each-ref --format=%(refname)%00%(upstream:short)%00%(objectname)%00%(upstream:track)%00%(upstream:remotename)%00%(upstream:remoteref) refs/heads/main refs/remotes/main [28ms]
2024-11-01 02:57:25.069 [info] > git status -z -uall [15ms]
2024-11-01 02:57:25.069 [info] > git rev-parse --git-dir --git-common-dir [8ms]
2024-11-01 02:57:25.071 [info] [Model][openRepository] Opened repository: /home/naasir/secure-repo
2024-11-01 02:57:25.072 [info] > git for-each-ref --sort -committerdate --format %(refname) %(objectname) %(*objectname) [14ms]
2024-11-01 02:57:25.074 [info] > git diff --name-status -z --diff-filter=ADMR cb677cbaa4af789d91cc9f32d5c4f4162d2c0241...refs/remotes/origin/master [25ms]
2024-11-01 02:57:25.085 [info] > git rev-parse --show-toplevel [3ms]
2024-11-01 02:57:25.085 [info] > git config --get commit.template [7ms]
2024-11-01 02:57:25.122 [info] > git status -z -uall [33ms]
2024-11-01 02:57:25.123 [info] > git status -z -uall [27ms]
2024-11-01 02:57:25.123 [info] > git for-each-ref --sort -committerdate --format %(refname) %(objectname) %(*objectname) [23ms]
2024-11-01 02:57:25.142 [info] > git for-each-ref --sort -committerdate --format %(refname) %(objectname) %(*objectname) [50ms]
2024-11-01 02:57:25.159 [info] > git for-each-ref --format=%(refname)%00%(upstream:short)%00%(objectname)%00%(upstream:track)%00%(upstream:remotename)%00%(upstream:remoteref) refs/heads/main refs/remotes/main [19ms]
2024-11-01 02:57:25.168 [info] > git for-each-ref --format=%(refname)%00%(upstream:short)%00%(objectname)%00%(upstream:track)%00%(upstream:remotename)%00%(upstream:remoteref) refs/heads/main refs/remotes/main [50ms]
2024-11-01 02:57:25.168 [info] > git rev-parse --show-toplevel [55ms]
2024-11-01 02:57:25.176 [info] > git config --local branch.main.vscode-merge-base [8ms]
2024-11-01 02:57:25.180 [info] > git config --get commit.template [23ms]
2024-11-01 02:57:25.182 [info] > git for-each-ref --format=%(refname)%00%(upstream:short)%00%(objectname)%00%(upstream:track)%00%(upstream:remotename)%00%(upstream:remoteref) refs/heads/origin/main refs/remotes/origin/main [2ms]
2024-11-01 02:57:25.192 [info] > git rev-parse --show-toplevel [19ms]
2024-11-01 02:57:25.204 [info] > git merge-base refs/heads/main refs/remotes/origin/main [12ms]
2024-11-01 02:57:25.219 [info] > git rev-parse --git-dir --git-common-dir [17ms]
2024-11-01 02:57:25.222 [info] [Model][openRepository] Opened repository: /home/naasir/testgithub
2024-11-01 02:57:25.224 [info] > git for-each-ref --format=%(refname)%00%(upstream:short)%00%(objectname)%00%(upstream:track)%00%(upstream:remotename)%00%(upstream:remoteref) refs/heads/main refs/remotes/main [27ms]
2024-11-01 02:57:25.236 [info] > git status -z -uall [21ms]
2024-11-01 02:57:25.236 [info] > git for-each-ref --sort -committerdate --format %(refname) %(objectname) %(*objectname) [18ms]
2024-11-01 02:57:25.245 [info] > git diff --name-status -z --diff-filter=ADMR 30ed1690cfded9ece25adece8d8213c7add84fe6...refs/remotes/origin/main [37ms]
2024-11-01 02:57:25.265 [info] > git for-each-ref --format=%(refname)%00%(upstream:short)%00%(objectname)%00%(upstream:track)%00%(upstream:remotename)%00%(upstream:remoteref) refs/heads/main refs/remotes/main [22ms]
2024-11-01 02:57:25.278 [info] > git rev-parse --show-toplevel [43ms]
2024-11-01 02:57:25.279 [info] > git config --get commit.template [49ms]
2024-11-01 02:57:25.290 [info] > git config --local branch.main.vscode-merge-base [12ms]
2024-11-01 02:57:25.295 [info] > git config --get commit.template [34ms]
2024-11-01 02:57:25.310 [info] > git status -z -uall [5ms]
2024-11-01 02:57:25.310 [info] > git for-each-ref --format=%(refname)%00%(upstream:short)%00%(objectname)%00%(upstream:track)%00%(upstream:remotename)%00%(upstream:remoteref) refs/heads/origin/main refs/remotes/origin/main [16ms]
2024-11-01 02:57:25.314 [info] > git rev-parse --show-toplevel [30ms]
2024-11-01 02:57:25.325 [info] [Model][doInitialScan] Initial repository scan completed - repositories (12), closed repositories (0), parent repositories (0), unsafe repositories (0)
2024-11-01 02:57:25.335 [info] > git merge-base refs/heads/main refs/remotes/origin/main [21ms]
2024-11-01 02:57:25.339 [info] > git for-each-ref --sort -committerdate --format %(refname) %(objectname) %(*objectname) [30ms]
2024-11-01 02:57:25.342 [info] > git for-each-ref --format=%(refname)%00%(upstream:short)%00%(objectname)%00%(upstream:track)%00%(upstream:remotename)%00%(upstream:remoteref) refs/heads/main refs/remotes/main [41ms]
2024-11-01 02:57:25.345 [info] > git diff --name-status -z --diff-filter=ADMR 3af397f5dafbe02db66452eb9177c85b867744b1...refs/remotes/origin/main [7ms]
2024-11-01 02:57:25.345 [info] > git rev-parse --show-toplevel [11ms]
2024-11-01 02:57:25.346 [info] > git for-each-ref --format=%(refname)%00%(upstream:short)%00%(objectname)%00%(upstream:track)%00%(upstream:remotename)%00%(upstream:remoteref) refs/heads/main refs/remotes/main [16ms]
2024-11-01 02:57:25.362 [info] > git status -z -uall [11ms]
2024-11-01 02:57:25.362 [info] > git for-each-ref --sort -committerdate --format %(refname) %(objectname) %(*objectname) [2ms]
2024-11-01 02:57:25.389 [info] > git status -z -uall [9ms]
2024-11-01 02:57:25.389 [info] > git for-each-ref --format=%(refname)%00%(upstream:short)%00%(objectname)%00%(upstream:track)%00%(upstream:remotename)%00%(upstream:remoteref) refs/heads/main refs/remotes/main [18ms]
2024-11-01 02:57:25.398 [info] > git config --local branch.main.vscode-merge-base [3ms]
2024-11-01 02:57:25.403 [info] > git config --get commit.template [15ms]
2024-11-01 02:57:25.404 [info] > git for-each-ref --sort -committerdate --format %(refname) %(objectname) %(*objectname) [19ms]
2024-11-01 02:57:25.410 [info] > git for-each-ref --format=%(refname)%00%(upstream:short)%00%(objectname)%00%(upstream:track)%00%(upstream:remotename)%00%(upstream:remoteref) refs/heads/origin/main refs/remotes/origin/main [6ms]
2024-11-01 02:57:25.423 [info] > git for-each-ref --format=%(refname)%00%(upstream:short)%00%(objectname)%00%(upstream:track)%00%(upstream:remotename)%00%(upstream:remoteref) refs/heads/main refs/remotes/main [2ms]
2024-11-01 02:57:25.424 [info] > git merge-base refs/heads/main refs/remotes/origin/main [8ms]
2024-11-01 02:57:25.433 [info] > git diff --name-status -z --diff-filter=ADMR 9027a779a9ad5c0e7f954cd9ffcccffdf936dbfe...refs/remotes/origin/main [3ms]
2024-11-01 02:57:25.451 [info] > git status -z -uall [10ms]
2024-11-01 02:57:25.451 [info] > git for-each-ref --sort -committerdate --format %(refname) %(objectname) %(*objectname) [3ms]
2024-11-01 02:57:25.800 [info] > git check-ignore -v -z --stdin [34ms]
2024-11-01 02:57:25.800 [info] > git check-ignore -v -z --stdin [32ms]
2024-11-01 02:57:25.800 [info] > git check-ignore -v -z --stdin [29ms]
2024-11-01 02:57:25.801 [info] > git check-ignore -v -z --stdin [28ms]
2024-11-01 02:57:25.801 [info] > git check-ignore -v -z --stdin [25ms]
2024-11-01 02:57:25.801 [info] > git check-ignore -v -z --stdin [22ms]
2024-11-01 02:57:25.801 [info] > git check-ignore -v -z --stdin [19ms]
2024-11-01 02:57:25.801 [info] > git check-ignore -v -z --stdin [15ms]
2024-11-01 02:57:25.802 [info] > git check-ignore -v -z --stdin [13ms]
2024-11-01 02:57:25.802 [info] > git check-ignore -v -z --stdin [9ms]
2024-11-01 02:57:25.802 [info] > git check-ignore -v -z --stdin [7ms]
2024-11-01 02:57:25.802 [info] > git check-ignore -v -z --stdin [4ms]
2024-11-01 02:57:27.277 [info] > git check-ignore -v -z --stdin [1ms]
2024-11-01 02:57:29.929 [info] > git config --get commit.template [1ms]
2024-11-01 02:57:29.934 [info] > git for-each-ref --format=%(refname)%00%(upstream:short)%00%(objectname)%00%(upstream:track)%00%(upstream:remotename)%00%(upstream:remoteref) refs/heads/master refs/remotes/master [1ms]
2024-11-01 02:57:29.942 [info] > git for-each-ref --sort -committerdate --format %(refname) %(objectname) %(*objectname) [1ms]
2024-11-01 02:57:30.009 [info] > git status -z -uall [73ms]
2024-11-01 02:57:34.853 [info] > git check-ignore -v -z --stdin [2ms]
2024-11-01 02:57:35.106 [info] > git config --get commit.template [4ms]
2024-11-01 02:57:35.107 [info] > git for-each-ref --format=%(refname)%00%(upstream:short)%00%(objectname)%00%(upstream:track)%00%(upstream:remotename)%00%(upstream:remoteref) refs/heads/master refs/remotes/master [1ms]
2024-11-01 02:57:35.115 [info] > git for-each-ref --sort -committerdate --format %(refname) %(objectname) %(*objectname) [2ms]
2024-11-01 02:57:35.172 [info] > git status -z -uall [63ms]
2024-11-01 02:57:39.082 [info] > git check-ignore -v -z --stdin [2ms]
2024-11-01 02:57:40.257 [info] > git config --get commit.template [6ms]
2024-11-01 02:57:40.258 [info] > git for-each-ref --format=%(refname)%00%(upstream:short)%00%(objectname)%00%(upstream:track)%00%(upstream:remotename)%00%(upstream:remoteref) refs/heads/master refs/remotes/master [3ms]
2024-11-01 02:57:40.266 [info] > git for-each-ref --sort -committerdate --format %(refname) %(objectname) %(*objectname) [2ms]
2024-11-01 02:57:40.347 [info] > git status -z -uall [87ms]
2024-11-01 02:57:43.720 [info] > git check-ignore -v -z --stdin [1ms]
2024-11-01 02:57:45.456 [info] > git config --get commit.template [6ms]
2024-11-01 02:57:45.457 [info] > git for-each-ref --format=%(refname)%00%(upstream:short)%00%(objectname)%00%(upstream:track)%00%(upstream:remotename)%00%(upstream:remoteref) refs/heads/master refs/remotes/master [3ms]
2024-11-01 02:57:45.470 [info] > git for-each-ref --sort -committerdate --format %(refname) %(objectname) %(*objectname) [2ms]
2024-11-01 02:57:45.565 [info] > git status -z -uall [102ms]
2024-11-01 02:57:50.639 [info] > git config --get commit.template [6ms]
2024-11-01 02:57:50.640 [info] > git for-each-ref --format=%(refname)%00%(upstream:short)%00%(objectname)%00%(upstream:track)%00%(upstream:remotename)%00%(upstream:remoteref) refs/heads/master refs/remotes/master [2ms]
2024-11-01 02:57:50.652 [info] > git for-each-ref --sort -committerdate --format %(refname) %(objectname) %(*objectname) [3ms]
2024-11-01 02:57:50.742 [info] > git status -z -uall [97ms]
2024-11-01 02:57:55.832 [info] > git config --get commit.template [2ms]
2024-11-01 02:57:55.840 [info] > git for-each-ref --format=%(refname)%00%(upstream:short)%00%(objectname)%00%(upstream:track)%00%(upstream:remotename)%00%(upstream:remoteref) refs/heads/master refs/remotes/master [3ms]
2024-11-01 02:57:55.852 [info] > git for-each-ref --sort -committerdate --format %(refname) %(objectname) %(*objectname) [2ms]
2024-11-01 02:57:55.929 [info] > git status -z -uall [85ms]
2024-11-01 02:58:00.051 [info] > git check-ignore -v -z --stdin [2ms]
2024-11-01 02:58:01.019 [info] > git config --get commit.template [5ms]
2024-11-01 02:58:01.019 [info] > git for-each-ref --format=%(refname)%00%(upstream:short)%00%(objectname)%00%(upstream:track)%00%(upstream:remotename)%00%(upstream:remoteref) refs/heads/master refs/remotes/master [1ms]
2024-11-01 02:58:01.026 [info] > git for-each-ref --sort -committerdate --format %(refname) %(objectname) %(*objectname) [2ms]
2024-11-01 02:58:01.072 [info] > git status -z -uall [51ms]
2024-11-01 02:58:02.995 [info] > git check-ignore -v -z --stdin [2ms]
2024-11-01 02:58:06.150 [info] > git config --get commit.template [5ms]
2024-11-01 02:58:06.150 [info] > git for-each-ref --format=%(refname)%00%(upstream:short)%00%(objectname)%00%(upstream:track)%00%(upstream:remotename)%00%(upstream:remoteref) refs/heads/master refs/remotes/master [1ms]
2024-11-01 02:58:06.157 [info] > git for-each-ref --sort -committerdate --format %(refname) %(objectname) %(*objectname) [2ms]
2024-11-01 02:58:06.206 [info] > git status -z -uall [53ms]
2024-11-01 02:58:11.265 [info] > git config --get commit.template [1ms]
2024-11-01 02:58:11.268 [info] > git for-each-ref --format=%(refname)%00%(upstream:short)%00%(objectname)%00%(upstream:track)%00%(upstream:remotename)%00%(upstream:remoteref) refs/heads/master refs/remotes/master [0ms]
2024-11-01 02:58:11.275 [info] > git for-each-ref --sort -committerdate --format %(refname) %(objectname) %(*objectname) [1ms]
2024-11-01 02:58:11.330 [info] > git status -z -uall [59ms]
2024-11-01 02:58:16.394 [info] > git config --get commit.template [4ms]
2024-11-01 02:58:16.394 [info] > git for-each-ref --format=%(refname)%00%(upstream:short)%00%(objectname)%00%(upstream:track)%00%(upstream:remotename)%00%(upstream:remoteref) refs/heads/master refs/remotes/master [1ms]
2024-11-01 02:58:16.401 [info] > git for-each-ref --sort -committerdate --format %(refname) %(objectname) %(*objectname) [1ms]
2024-11-01 02:58:16.454 [info] > git status -z -uall [57ms]
2024-11-01 02:58:21.535 [info] > git config --get commit.template [7ms]
2024-11-01 02:58:21.536 [info] > git for-each-ref --format=%(refname)%00%(upstream:short)%00%(objectname)%00%(upstream:track)%00%(upstream:remotename)%00%(upstream:remoteref) refs/heads/master refs/remotes/master [2ms]
2024-11-01 02:58:21.548 [info] > git for-each-ref --sort -committerdate --format %(refname) %(objectname) %(*objectname) [3ms]
2024-11-01 02:58:21.630 [info] > git status -z -uall [90ms]
2024-11-01 02:58:28.535 [info] > git show --textconv :classroom/1.js [13ms]
2024-11-01 02:58:28.536 [info] > git ls-files --stage -- /home/naasir/naasir-cfi/classroom/1.js [9ms]
2024-11-01 02:58:28.541 [info] > git cat-file -s f16b3ccb3036063e8dea328a12d36dd1077dd590 [3ms]
2024-11-01 02:58:30.535 [info] > git check-ignore -v -z --stdin [6ms]
2024-11-01 02:58:36.098 [info] > git show --textconv :classroom/13.js [11ms]
2024-11-01 02:58:36.100 [info] > git ls-files --stage -- /home/naasir/naasir-cfi/classroom/13.js [2ms]
2024-11-01 02:58:36.112 [info] > git cat-file -s a1a064f553be9a209542cc580af24677c720d1ae [3ms]
2024-11-01 02:58:36.599 [info] > git config --get commit.template [2ms]
2024-11-01 02:58:36.608 [info] > git for-each-ref --format=%(refname)%00%(upstream:short)%00%(objectname)%00%(upstream:track)%00%(upstream:remotename)%00%(upstream:remoteref) refs/heads/master refs/remotes/master [2ms]
2024-11-01 02:58:36.620 [info] > git for-each-ref --sort -committerdate --format %(refname) %(objectname) %(*objectname) [2ms]
2024-11-01 02:58:36.710 [info] > git status -z -uall [96ms]
