2024-11-07 16:55:34.197 [info] [main] Log level: Info
2024-11-07 16:55:34.197 [info] [main] Validating found git in: "git"
2024-11-07 16:55:34.197 [info] [main] Using git "2.43.0" from "git"
2024-11-07 16:55:34.197 [info] [Model][doInitialScan] Initial repository scan started
2024-11-07 16:55:34.197 [info] > git rev-parse --show-toplevel [348ms]
2024-11-07 16:55:34.199 [info] > git rev-parse --show-toplevel [3ms]
2024-11-07 16:55:34.210 [info] > git rev-parse --show-toplevel [5ms]
2024-11-07 16:55:34.216 [info] [Model][doInitialScan] Initial repository scan completed - repositories (0), closed repositories (0), parent repositories (1), unsafe repositories (0)
2024-11-07 16:55:34.497 [info] > git rev-parse --show-toplevel [4ms]
2024-11-07 16:55:35.570 [info] > git rev-parse --show-toplevel [5ms]
2024-11-07 16:55:40.790 [info] > git rev-parse --show-toplevel [2ms]
2024-11-07 16:55:43.910 [info] > git rev-parse --show-toplevel [4ms]
2024-11-07 16:55:45.554 [info] > git rev-parse --show-toplevel [3ms]
2024-11-07 16:55:46.600 [info] > git rev-parse --show-toplevel [3ms]
2024-11-07 16:55:50.888 [info] > git rev-parse --show-toplevel [2ms]
2024-11-07 16:55:51.679 [info] > git rev-parse --show-toplevel [4ms]
2024-11-07 16:55:52.433 [info] > git rev-parse --show-toplevel [2ms]
2024-11-07 16:55:53.534 [info] > git rev-parse --show-toplevel [2ms]
2024-11-07 16:55:54.316 [info] > git rev-parse --show-toplevel [2ms]
2024-11-07 16:55:57.579 [info] > git rev-parse --show-toplevel [2ms]
2024-11-07 16:56:03.512 [info] > git rev-parse --show-toplevel [1ms]
2024-11-07 16:56:04.307 [info] > git rev-parse --show-toplevel [4ms]
2024-11-07 16:56:05.117 [info] > git rev-parse --show-toplevel [2ms]
2024-11-07 16:56:06.889 [info] > git rev-parse --show-toplevel [2ms]
2024-11-07 16:56:09.226 [info] > git rev-parse --show-toplevel [6ms]
2024-11-07 16:56:11.027 [info] > git rev-parse --show-toplevel [4ms]
2024-11-07 16:56:19.349 [info] > git rev-parse --show-toplevel [6ms]
2024-11-07 16:56:21.888 [info] > git rev-parse --show-toplevel [2ms]
2024-11-07 16:56:25.558 [info] > git rev-parse --show-toplevel [4ms]
2024-11-07 16:56:28.941 [info] > git rev-parse --show-toplevel [4ms]
2024-11-07 16:56:31.883 [info] > git rev-parse --show-toplevel [2ms]
2024-11-07 16:56:34.057 [info] > git rev-parse --show-toplevel [2ms]
2024-11-07 16:56:43.235 [info] > git rev-parse --show-toplevel [2ms]
2024-11-07 16:56:51.728 [info] > git rev-parse --show-toplevel [3ms]
2024-11-07 16:56:54.284 [info] > git rev-parse --show-toplevel [4ms]
2024-11-07 16:56:54.933 [info] > git rev-parse --show-toplevel [1ms]
2024-11-07 16:56:56.869 [info] > git rev-parse --show-toplevel [8ms]
2024-11-07 16:57:02.872 [info] > git rev-parse --show-toplevel [2ms]
2024-11-07 16:57:28.096 [info] > git rev-parse --show-toplevel [33ms]
2024-11-07 16:57:29.340 [info] > git rev-parse --show-toplevel [2ms]
2024-11-07 16:57:30.158 [info] > git rev-parse --show-toplevel [6ms]
2024-11-07 16:57:31.953 [info] > git rev-parse --show-toplevel [26ms]
2024-11-07 16:57:32.717 [info] > git rev-parse --show-toplevel [2ms]
2024-11-07 16:57:38.762 [info] > git rev-parse --show-toplevel [4ms]
2024-11-07 16:57:40.511 [info] > git rev-parse --show-toplevel [3ms]
2024-11-07 16:57:42.261 [info] > git rev-parse --show-toplevel [3ms]
2024-11-07 16:57:44.792 [info] > git rev-parse --show-toplevel [4ms]
2024-11-07 16:57:47.158 [info] > git rev-parse --show-toplevel [3ms]
2024-11-07 16:57:48.943 [info] > git rev-parse --show-toplevel [3ms]
2024-11-07 16:57:51.748 [info] > git rev-parse --show-toplevel [1ms]
2024-11-07 16:57:53.539 [info] > git rev-parse --show-toplevel [4ms]
2024-11-07 16:59:06.725 [info] > git rev-parse --show-toplevel [2ms]
2024-11-07 16:59:07.987 [info] > git rev-parse --show-toplevel [1ms]
2024-11-07 16:59:22.180 [info] > git rev-parse --show-toplevel [11ms]
2024-11-07 16:59:26.069 [info] > git rev-parse --show-toplevel [2ms]
2024-11-07 16:59:35.542 [info] > git rev-parse --show-toplevel [2ms]
2024-11-07 16:59:37.965 [info] > git rev-parse --show-toplevel [1ms]
2024-11-07 16:59:38.124 [info] > git rev-parse --show-toplevel [2ms]
2024-11-07 16:59:41.857 [info] > git rev-parse --show-toplevel [2ms]
2024-11-07 16:59:44.874 [info] > git rev-parse --show-toplevel [4ms]
